1567255586236	mozrunner::runner	INFO	Running command: "C:\\Program Files\\Mozilla Firefox\\firefox.exe" "-marionette" "-headless" "-foreground" "-no-remote" "-profile" "C:\\Users\\rahmad\\AppData\\Local\\Temp\\rust_mozprofile.YFY3FyrvaOkO"
*** You are running in headless mode.
console.error: JsonSchemaValidator.jsm: 
  Array expected but not received
console.error: Enterprise Policies: 
  Invalid parameters specified for Certificates.
1567255590924	addons.webextension.screenshots@mozilla.org	WARN	Loading extension 'screenshots@mozilla.org': Reading manifest: Invalid extension permission: mozillaAddons
1567255590925	addons.webextension.screenshots@mozilla.org	WARN	Loading extension 'screenshots@mozilla.org': Reading manifest: Invalid extension permission: resource://pdf.js/
1567255590925	addons.webextension.screenshots@mozilla.org	WARN	Loading extension 'screenshots@mozilla.org': Reading manifest: Invalid extension permission: about:reader*
1567255620898	Marionette	INFO	Listening on port 55161
[Child 7316, Chrome_ChildThread] WARNING: pipe error: 109: file z:/build/build/src/ipc/chromium/src/chrome/common/ipc_channel_win.cc, line 332
[Child 7316, Chrome_ChildThread] WARNING: pipe error: 109: file z:/build/build/src/ipc/chromium/src/chrome/common/ipc_channel_win.cc, line 332
1567255621081	Marionette	WARN	TLS certificate errors will be ignored for this session
JavaScript error: https://ajax.googleapis.com/ajax/libs/jquerymobile/1.4.5/jquery.mobile.min.js, line 4: TypeError: a.event.props is undefined
JavaScript error: https://www.babynames.com/boy-names, line 268: SyntaxError: illegal character
JavaScript error: https://www.babynames.com/boy-names, line 332: SyntaxError: illegal character
console.error: BroadcastService: 
  receivedBroadcastMessage: handler for
  remote-settings/monitor_changes
  threw error:
  Message: Error: Polling for changes failed: NetworkError when attempting to fetch resource..
  Stack:
    remoteSettingsFunction/remoteSettings.pollChanges@resource://services-settings/remote-settings.js:190:13

[Parent 4060, Gecko_IOThread] WARNING: pipe error: 232: file z:/build/build/src/ipc/chromium/src/chrome/common/ipc_channel_win.cc, line 493
[Parent 4060, Gecko_IOThread] WARNING: pipe error: 232: file z:/build/build/src/ipc/chromium/src/chrome/common/ipc_channel_win.cc, line 493
[Parent 4060, Gecko_IOThread] WARNING: pipe error: 232: file z:/build/build/src/ipc/chromium/src/chrome/common/ipc_channel_win.cc, line 493
[Parent 4060, Gecko_IOThread] WARNING: pipe error: 232: file z:/build/build/src/ipc/chromium/src/chrome/common/ipc_channel_win.cc, line 493

###!!! [Parent][MessageChannel] Error: (msgtype=0x1E0098,name=PBrowser::Msg_UpdateNativeWindowHandle) Channel error: cannot send/recv


###!!! [Parent][MessageChannel] Error: (msgtype=0x1E0087,name=PBrowser::Msg_Destroy) Channel error: cannot send/recv

A content process crashed and MOZ_CRASHREPORTER_SHUTDOWN is set, shutting down
g manifest: Invalid extension permission: about:reader*
[Child 7060, Chrome_ChildThread] WARNING: pipe error: 109: file z:/build/build/src/ipc/chromium/src/chrome/common/ipc_channel_win.cc, line 332

###!!! [Child][MessageChannel] Error: (msgtype=0x350105,name=PContent::Msg_RecordDiscardedData) Channel closing: too late to send/recv, messages will be lost

[Child 7060, Chrome_ChildThread] WARNING: pipe error: 109: file z:/build/build/src/ipc/chromium/src/chrome/common/ipc_channel_win.cc, line 332
1567256151671	Marionette	INFO	Listening on port 55917
1567256151891	Marionette	WARN	TLS certificate errors will be ignored for this session
console.error: BroadcastService: 
  receivedBroadcastMessage: handler for
  remote-settings/monitor_changes
  threw error:
  Message: Error: Polling for changes failed: NetworkError when attempting to fetch resource..
  Stack:
    remoteSettingsFunction/remoteSettings.pollChanges@resource://services-settings/remote-settings.js:190:13

JavaScript error: https://ajax.googleapis.com/ajax/libs/jquerymobile/1.4.5/jquery.mobile.min.js, line 4: TypeError: a.event.props is undefined
JavaScript error: https://www.babynames.com/boy-names, line 268: SyntaxError: illegal character
JavaScript error: https://www.babynames.com/boy-names, line 332: SyntaxError: illegal character
JavaScript error: https://tagan.adlightning.com/sheknows/b-adeaab8.js, line 1: TypeError: window.top is null
JavaScript error: https://tagan.adlightning.com/sheknows/b-adeaab8.js, line 1: TypeError: window.top is null
JavaScript warning: https://z.moatads.com/sheknowsdfp184953205893/moatad.js#moatClientLevel1=15403870&moatClientLevel2=2543335655&moatClientLevel3=5064405287&moatClientLevel4=138269856865&moatClientSlicer1=21802406579&moatClientSlicer2=21802522447&zMoatPLAT=desk&zMoatIV=true&zMoatST=babynamescom25953&zMoatSlot=flxrec&zMoatSZ=300x250&zMoatPGN=&zMoatPT=-&zMoatINST=3&zMoatLOC=1&zMoatMSafety=&zMoatMGV=&zMoatMMV=&zMoatMData=&zMoatTS=&zMoatBOOM=&zMoatRF=n&zMoatTC=, line 243: Error: WebGL warning: <SetDimensions>: Can't use WebGL in headless mode (https://bugzil.la/1375585).
JavaScript warning: https://z.moatads.com/sheknowsdfp184953205893/moatad.js#moatClientLevel1=15403870&moatClientLevel2=2543335655&moatClientLevel3=5064405287&moatClientLevel4=138269856865&moatClientSlicer1=21802406579&moatClientSlicer2=21802522447&zMoatPLAT=desk&zMoatIV=true&zMoatST=babynamescom25953&zMoatSlot=flxrec&zMoatSZ=300x250&zMoatPGN=&zMoatPT=-&zMoatINST=3&zMoatLOC=1&zMoatMSafety=&zMoatMGV=&zMoatMMV=&zMoatMData=&zMoatTS=&zMoatBOOM=&zMoatRF=n&zMoatTC=, line 243: Error: WebGL warning: <SetDimensions>: Failed to create WebGL context: WebGL creation failed: 
* Can't use WebGL in headless mode (https://bugzil.la/1375585).
JavaScript warning: https://z.moatads.com/sheknowsdfp184953205893/moatad.js#moatClientLevel1=15403870&moatClientLevel2=2543335655&moatClientLevel3=5064405287&moatClientLevel4=138269856865&moatClientSlicer1=21802406579&moatClientSlicer2=21802522447&zMoatPLAT=desk&zMoatIV=true&zMoatST=babynamescom25953&zMoatSlot=flxrec&zMoatSZ=300x250&zMoatPGN=&zMoatPT=-&zMoatINST=3&zMoatLOC=1&zMoatMSafety=&zMoatMGV=&zMoatMMV=&zMoatMData=&zMoatTS=&zMoatBOOM=&zMoatRF=n&zMoatTC=, line 243: Error: WebGL warning: <SetDimensions>: Can't use WebGL in headless mode (https://bugzil.la/1375585).
JavaScript warning: https://z.moatads.com/sheknowsdfp184953205893/moatad.js#moatClientLevel1=15403870&moatClientLevel2=2543335655&moatClientLevel3=5064405287&moatClientLevel4=138269856865&moatClientSlicer1=21802406579&moatClientSlicer2=21802522447&zMoatPLAT=desk&zMoatIV=true&zMoatST=babynamescom25953&zMoatSlot=flxrec&zMoatSZ=300x250&zMoatPGN=&zMoatPT=-&zMoatINST=3&zMoatLOC=1&zMoatMSafety=&zMoatMGV=&zMoatMMV=&zMoatMData=&zMoatTS=&zMoatBOOM=&zMoatRF=n&zMoatTC=, line 243: Error: WebGL warning: <SetDimensions>: Failed to create WebGL context: WebGL creation failed: 
* Can't use WebGL in headless mode (https://bugzil.la/1375585).

###!!! [Parent][MessageChannel] Error: (msgtype=0x1E0098,name=PBrowser::Msg_UpdateNativeWindowHandle) Channel error: cannot send/recv


###!!! [Parent][MessageChannel] Error: (msgtype=0x1E0087,name=PBrowser::Msg_Destroy) Channel error: cannot send/recv

A content process crashed and MOZ_CRASHREPORTER_SHUTDOWN is set, shutting down
Exiting due to channel error.
1567257251478	mozrunner::runner	INFO	Running command: "C:\\Program Files\\Mozilla Firefox\\firefox.exe" "-marionette" "-foreground" "-no-remote" "-profile" "C:\\Users\\rahmad\\AppData\\Local\\Temp\\rust_mozprofile.RYuOJiiBB7Sr"
console.error: JsonSchemaValidator.jsm: 
  Array expected but not received
console.error: Enterprise Policies: 
  Invalid parameters specified for Certificates.
1567257252578	addons.webextension.screenshots@mozilla.org	WARN	Loading extension 'screenshots@mozilla.org': Reading manifest: Invalid extension permission: mozillaAddons
1567257252579	addons.webextension.screenshots@mozilla.org	WARN	Loading extension 'screenshots@mozilla.org': Reading manifest: Invalid extension permission: resource://pdf.js/
1567257252579	addons.webextension.screenshots@mozilla.org	WARN	Loading extension 'screenshots@mozilla.org': Reading manifest: Invalid extension permission: about:reader*
[Parent 8044, Gecko_IOThread] WARNING: pipe error: 109: file z:/build/build/src/ipc/chromium/src/chrome/common/ipc_channel_win.cc, line 332
[Child 8084, Chrome_ChildThread] WARNING: pipe error: 109: file z:/build/build/src/ipc/chromium/src/chrome/common/ipc_channel_win.cc, line 332
[Child 8084, Chrome_1567257258047	Marionette	INFO	Listening on port 56962
1567257258357	Marionette	WARN	TLS certificate errors will be ignored for this session
JavaScript error: https://ajax.googleapis.com/ajax/libs/jquerymobile/1.4.5/jquery.mobile.min.js, line 4: TypeError: a.event.props is undefined
JavaScript error: https://www.babynames.com/boy-names, line 268: SyntaxError: illegal character
JavaScript error: https://www.babynames.com/boy-names, line 332: SyntaxError: illegal character
JavaScript error: https://ajax.googleapis.com/ajax/libs/jquerymobile/1.4.5/jquery.mobile.min.js, line 4: TypeError: a.event.props is undefined
JavaScript error: https://www.babynames.com/Names/search.php, line 268: SyntaxError: illegal character
JavaScript error: https://www.babynames.com/Names/search.php, line 332: SyntaxError: illegal character
JavaScript error: https://googleads.g.doubleclick.net/pagead/ads?client=ca-pub-9489621755605348&output=html&h=90&slotname=7725212371&adk=1123304386&adf=2482316164&w=728&guci=2.2.0.0.2.2.0.0&url=https%3A%2F%2Fwww.babynames.com%2FNames%2Fsearch.php&ea=0&flash=0&wgl=1&adsid=NT&dt=1567257413441&bpp=26&bdt=558&idt=504&shv=r20190826&cbv=r20190131&saldr=sa&correlator=7544520294158&frm=23&ife=5&pv=2&ga_vid=928665326.1567257291&ga_sid=1567257414&ga_hid=552095737&ga_fc=0&icsg=170&nhd=2&dssz=5&mdo=0&mso=0&u_tz=480&u_his=2&u_java=0&u_h=768&u_w=1366&u_ah=728&u_aw=1366&u_cd=24&u_nplug=0&u_nmime=0&adx=572&ady=91&biw=1349&bih=654&isw=728&ish=90&ifk=1126190407&scr_x=0&scr_y=0&eid=20040013%2C20199336&oid=3&ref=https%3A%2F%2Fwww.babynames.com%2Fboy-names&rx=0&eae=2&fc=656&brdim=-8%2C-8%2C-8%2C-8%2C1366%2C0%2C1382%2C744%2C728%2C90&vis=1&rsz=%7C%7CleE%7C&abl=CS&pfx=0&fu=8212&bc=29&ifi=1&uci=1.6mw7mbrfkm9x&dtd=528, line 1: ReferenceError: vu is not defined
JavaScript error: https://googleads.g.doubleclick.net/pagead/ads?client=ca-pub-9489621755605348&output=html&h=90&slotname=7725212371&adk=1123304386&adf=2482316164&w=728&guci=2.2.0.0.2.2.0.0&url=https%3A%2F%2Fwww.babynames.com%2FNames%2Fsearch.php&ea=0&flash=0&wgl=1&adsid=NT&dt=1567257413441&bpp=26&bdt=558&idt=504&shv=r20190826&cbv=r20190131&saldr=sa&correlator=7544520294158&frm=23&ife=5&pv=2&ga_vid=928665326.1567257291&ga_sid=1567257414&ga_hid=552095737&ga_fc=0&icsg=170&nhd=2&dssz=5&mdo=0&mso=0&u_tz=480&u_his=2&u_java=0&u_h=768&u_w=1366&u_ah=728&u_aw=1366&u_cd=24&u_nplug=0&u_nmime=0&adx=572&ady=91&biw=1349&bih=654&isw=728&ish=90&ifk=1126190407&scr_x=0&scr_y=0&eid=20040013%2C20199336&oid=3&ref=https%3A%2F%2Fwww.babynames.com%2Fboy-names&rx=0&eae=2&fc=656&brdim=-8%2C-8%2C-8%2C-8%2C1366%2C0%2C1382%2C744%2C728%2C90&vis=1&rsz=%7C%7CleE%7C&abl=CS&pfx=0&fu=8212&bc=29&ifi=1&uci=1.6mw7mbrfkm9x&dtd=528, line 1: ReferenceError: init_icr is not defined
JavaScript error: https://googleads.g.doubleclick.net/pagead/ads?client=ca-pub-9489621755605348&output=html&h=90&slotname=7725212371&adk=1123304386&adf=2482316164&w=728&guci=2.2.0.0.2.2.0.0&url=https%3A%2F%2Fwww.babynames.com%2FNames%2Fsearch.php&ea=0&flash=0&wgl=1&adsid=NT&dt=1567257413441&bpp=26&bdt=558&idt=504&shv=r20190826&cbv=r20190131&saldr=sa&correlator=7544520294158&frm=23&ife=5&pv=2&ga_vid=928665326.1567257291&ga_sid=1567257414&ga_hid=552095737&ga_fc=0&icsg=170&nhd=2&dssz=5&mdo=0&mso=0&u_tz=480&u_his=2&u_java=0&u_h=768&u_w=1366&u_ah=728&u_aw=1366&u_cd=24&u_nplug=0&u_nmime=0&adx=572&ady=91&biw=1349&bih=654&isw=728&ish=90&ifk=1126190407&scr_x=0&scr_y=0&eid=20040013%2C20199336&oid=3&ref=https%3A%2F%2Fwww.babynames.com%2Fboy-names&rx=0&eae=2&fc=656&brdim=-8%2C-8%2C-8%2C-8%2C1366%2C0%2C1382%2C744%2C728%2C90&vis=1&rsz=%7C%7CleE%7C&abl=CS&pfx=0&fu=8212&bc=29&ifi=1&uci=1.6mw7mbrfkm9x&dtd=528, line 1: ReferenceError: googqscp is not defined
JavaScript error: https://googleads.g.doubleclick.net/pagead/ads?client=ca-pub-9489621755605348&output=html&h=90&slotname=7725212371&adk=1123304386&adf=2482316164&w=728&guci=2.2.0.0.2.2.0.0&url=https%3A%2F%2Fwww.babynames.com%2FNames%2Fsearch.php&ea=0&flash=0&wgl=1&adsid=NT&dt=1567257413441&bpp=26&bdt=558&idt=504&shv=r20190826&cbv=r20190131&saldr=sa&correlator=7544520294158&frm=23&ife=5&pv=2&ga_vid=928665326.1567257291&ga_sid=1567257414&ga_hid=552095737&ga_fc=0&icsg=170&nhd=2&dssz=5&mdo=0&mso=0&u_tz=480&u_his=2&u_java=0&u_h=768&u_w=1366&u_ah=728&u_aw=1366&u_cd=24&u_nplug=0&u_nmime=0&adx=572&ady=91&biw=1349&bih=654&isw=728&ish=90&ifk=1126190407&scr_x=0&scr_y=0&eid=20040013%2C20199336&oid=3&ref=https%3A%2F%2Fwww.babynames.com%2Fboy-names&rx=0&eae=2&fc=656&brdim=-8%2C-8%2C-8%2C-8%2C1366%2C0%2C1382%2C744%2C728%2C90&vis=1&rsz=%7C%7CleE%7C&abl=CS&pfx=0&fu=8212&bc=29&ifi=1&uci=1.6mw7mbrfkm9x&dtd=528, line 1: ReferenceError: registerAd is not defined
JavaScript error: https://ajax.googleapis.com/ajax/libs/jquerymobile/1.4.5/jquery.mobile.min.js, line 4: TypeError: a.event.props is undefined
JavaScript error: https://www.babynames.com/Names/search.php, line 268: SyntaxError: illegal character
JavaScript error: https://www.babynames.com/Names/search.php, line 332: SyntaxError: illegal character
JavaScript error: https://ajax.googleapis.com/ajax/libs/jquerymobile/1.4.5/jquery.mobile.min.js, line 4: TypeError: a.event.props is undefined
JavaScript error: https://www.babynames.com/Names/search.php, line 268: SyntaxError: illegal character
JavaScript error: https://www.babynames.com/Names/search.php, line 332: SyntaxError: illegal character
JavaScript error: https://ajax.googleapis.com/ajax/libs/jquerymobile/1.4.5/jquery.mobile.min.js, line 4: TypeError: a.event.props is undefined
JavaScript error: https://www.babynames.com/Names/search.php, line 268: SyntaxError: illegal character
JavaScript error: https://www.babynames.com/Names/search.php, line 332: SyntaxError: illegal character
JavaScript error: https://static.adsafeprotected.com/main.19.8.5.js, line 294: TypeError: d is undefined
JavaScript error: https://static.adsafeprotected.com/main.19.8.5.js, line 294: TypeError: d is undefined
1567257571579	Marionette	INFO	Stopped listening on port 56962
[Parent 8044, Gecko_IOThread] WARNING: pipe error: 109: file z:/build/build/src/ipc/chromium/src/chrome/common/ipc_channel_win.cc, line 332
[Child 5880, Chrome_ChildThread] WARNING: pipe error: 109: file z:/build/build/src/ipc/chromium/src/chrome/common/ipc_channel_win.cc, line 332
[Child 5880, Chrome_ChildThread] WARNING: pipe error: 109: file z:/build/build/src/ipc/chromium/src/chrome/common/ipc_channel_win.cc, line 332
JavaScript error: , line 0: InvalidStateError: An attempt was made to use an object that is not, or is no longer, usable
[Parent 8044, Gecko_IOThread] WARNING: pipe error: 109: file z:/build/build/src/ipc/chromium/src/chrome/common/ipc_channel_win.cc, line 332
[Child 6756, Chrome_ChildThread] WARNING: pipe error: 109: file z:/build/build/src/ipc/chromium/src/chrome/common/ipc_channel_win.cc, line 332
[Child 7684, Chrome_ChildThread] WARNING: pipe error: 109: file z:/build/build/src/ipc/chromium/src/chrome/common/ipc_channel_win.cc, line 332
[Child 7684, Chrome_ChildThread] WARNING: pipe error: 109: file z:/build/build/src/ipc/chromium/src/chrome/common/ipc_channel_win.cc, line 332
JavaScript error: resource://gre/modules/WebProgressChild.jsm, line 61: TypeError: this.mm.content is null

###!!! [Child][RunMessage] Error: Channel closing: too late to send/recv, messages will be lost

[1567257754959	mozrunner::runner	INFO	Running command: "C:\\Program Files\\Mozilla Firefox\\firefox.exe" "-marionette" "-foreground" "-no-remote" "-profile" "C:\\Users\\rahmad\\AppData\\Local\\Temp\\rust_mozprofile.LewupGA6JoZ3"
console.error: JsonSchemaValidator.jsm: 
  Array expected but not received
console.error: Enterprise Policies: 
  Invalid parameters specified for Certificates.
1567257755581	addons.webextension.screenshots@mozilla.org	WARN	Loading extension 'screenshots@mozilla.org': Reading manifest: Invalid extension permission: mozillaAddons
1567257755582	addons.webextension.screenshots@mozilla.org	WARN	Loading extension 'screenshots@mozilla.org': Reading manifest: Invalid extension permission: resource://pdf.js/
1567257755582	addons.webextension.screenshots@mozilla.org	WARN	Loading extension 'screenshots@mozilla.org': Reading manifest: Invalid extension permission: about:reader*
[Child 7036, Chrome_ChildThread] WARNING: pipe error: 109: file z:/build/build/src/ipc/chromium/src/chrome/common/ipc_channel_win.cc, line 332
[Child 7036, Chrome_ChildThread] WARNING: pipe error: 109: file z:/build/build/src/ipc/chromium/src/chrome/common/ipc_channel_win.cc, line 332
1567257758697	Marionette	INFO	Listening on port 57858
1567257758855	Marionette	WARN	TLS certificate errors will be ignored for this session
JavaScript error: https://ajax.googleapis.com/ajax/libs/jquerymobile/1.4.5/jquery.mobile.min.js, line 4: TypeError: a.event.props is undefined
JavaScript error: https://www.babynames.com/boy-names, line 268: SyntaxError: illegal character
JavaScript error: https://www.babynames.com/boy-names, line 332: SyntaxError: illegal character
1567257946668	Marionette	WARN	TimedPromise timed out after 0 ms: stacktrace:
bail@chrome://marionette/content/sync.js:224:64
1567257982569	Marionette	WARN	TimedPromise timed out after 0 ms: stacktrace:
bail@chrome://marionette/content/sync.js:224:64
1567257982825	Marionette	WARN	TimedPromise timed out after 0 ms: stacktrace:
bail@chrome://marionette/content/sync.js:224:64
1567258551743	Marionette	WARN	TimedPromise timed out after 500 ms: stacktrace:
bail@chrome://marionette/content/sync.js:224:64
JavaScript error: https://ajax.googleapis.com/ajax/libs/jquerymobile/1.4.5/jquery.mobile.min.js, line 4: TypeError: a.event.props is undefined
JavaScript error: https://www.babynames.com/Names/search.php, line 268: SyntaxError: illegal character
JavaScript error: https://www.babynames.com/Names/search.php, line 332: SyntaxError: illegal character
A content process crashed and MOZ_CRASHREPORTER_SHUTDOWN is set, shutting down
JavaScript error: resource:///modules/sessionstore/SessionStore.jsm, line 1643: TypeError: subject.QueryInterface is not a function
A content process crashed and MOZ_CRASHREPORTER_SHUTDOWN is set, shutting down
[Parent 4420, Gecko_IOThread] WARNING: pipe error: 232: file z:/build/build/src/ipc/chromium/src/chrome/common/ipc_channel_win.cc, line 493
[Parent 4420, Gecko_IOThread] WARNING: pipe error: 109: file z:/build/build/src/ipc/chromium/src/chrome/common/ipc_channel_win.cc, line 332
[Child 6092, Chrome_ChildThread] WARNING: pipe error: 109: file z:/build/build/src/ipc/chromium/src/chrome/common/ipc_channel_win.cc, line 332
[Child 6092, Chrome_ChildThread] WARNIN1567258663648	Marionette	INFO	Stopped listening on port 57858
JavaScript error: resource://gre/modules/TelemetryController.jsm, line 461: Error: submitExternalPing - Submission is not allowed after shutdown, discarding ping of type: modules
1567260423891	mozrunner::runner	INFO	Running command: "C:\\Program Files\\Mozilla Firefox\\firefox.exe" "-marionette" "-headless" "-foreground" "-no-remote" "-profile" "C:\\Users\\rahmad\\AppData\\Local\\Temp\\rust_mozprofile.so0UsHsmFTT7"
*** You are running in headless mode.
console.error: JsonSchemaValidator.jsm: 
  Array expected but not received
console.error: Enterprise Policies: 
  Invalid parameters specified for Certificates.
1567260426423	addons.webextension.screenshots@mozilla.org	WARN	Loading extension 'screenshots@mozilla.org': Reading manifest: Invalid extension permission: mozillaAddons
1567260426423	addons.webextension.screenshots@mozilla.org	WARN	Loading extension 'screenshots@mozilla.org': Reading manifest: Invalid extension permission: resource://pdf.js/
1567260426423	addons.webextension.screenshots@mozilla.org	WARN	Loading extension 'screenshots@mozilla.org': Reading manifest: Invalid extension permission: about:reader*
1567260433077	Marionette	INFO	Listening on port 59008
1567260433712	Marionette	WARN	TLS certificate errors will be ignored for this session
JavaScript error: https://ajax.googleapis.com/ajax/libs/jquerymobile/1.4.5/jquery.mobile.min.js, line 4: TypeError: a.event.props is undefined
JavaScript error: https://www.babynames.com/boy-names, line 268: SyntaxError: illegal character
JavaScript error: https://www.babynames.com/boy-names, line 332: SyntaxError: illegal character
console.error: BroadcastService: 
  receivedBroadcastMessage: handler for
  remote-settings/monitor_changes
  threw error:
  Message: Error: Polling for changes failed: NetworkError when attempting to fetch resource..
  Stack:
    remoteSettingsFunction/remoteSettings.pollChanges@resource://services-settings/remote-settings.js:190:13

JavaScript error: https://ajax.googleapis.com/ajax/libs/jquerymobile/1.4.5/jquery.mobile.min.js, line 4: TypeError: a.event.props is undefined
JavaScript error: https://www.babynames.com/Names/search.php, line 268: SyntaxError: illegal character
JavaScript error: https://www.babynames.com/Names/search.php, line 332: SyntaxError: illegal character
JavaScript error: https://ajax.googleapis.com/ajax/libs/jquerymobile/1.4.5/jquery.mobile.min.js, line 4: TypeError: a.event.props is undefined
JavaScript error: , line 0: InvalidStateError: An attempt was made to use an object that is not, or is no longer, usable
JavaScript error: https://www.babynames.com/Names/search.php, line 268: SyntaxError: illegal character
JavaScript error: https://www.babynames.com/Names/search.php, line 332: SyntaxError: illegal character
JavaScript error: https://www.babynames.com/Names/search.php, line 17: TypeError: hiddenFrame.contentWindow is null
JavaScript error: https://www.babynames.com/Names/search.php, line 17: TypeError: hiddenFrame.contentWindow is null
JavaScript error: https://www.babynames.com/Names/search.php, line 17: TypeError: hiddenFrame.contentWindow is null
JavaScript error: https://www.babynames.com/Names/search.php, line 17: TypeError: hiddenFrame.contentWindow is null
JavaScript error: https://ajax.googleapis.com/ajax/libs/jquerymobile/1.4.5/jquery.mobile.min.js, line 4: TypeError: a.event.props is undefined
JavaScript error: https://www.babynames.com/Names/search.php, line 268: SyntaxError: illegal character
JavaScript error: https://www.babynames.com/Names/search.php, line 332: SyntaxError: illegal character
JavaScript error: https://ajax.googleapis.com/ajax/libs/jquerymobile/1.4.5/jquery.mobile.min.js, line 4: TypeError: a.event.props is undefined
JavaScript error: , line 0: InvalidStateError: An attempt was made to use an object that is not, or is no longer, usable
JavaScript error: https://www.babynames.com/Names/search.php, line 268: SyntaxError: illegal character
JavaScript error: https://www.babynames.com/Names/search.php, line 332: SyntaxError: illegal character
JavaScript error: https://ajax.googleapis.com/ajax/libs/jquerymobile/1.4.5/jquery.mobile.min.js, line 4: TypeError: a.event.props is undefined
JavaScript error: , line 0: InvalidStateError: An attempt was made to use an object that is not, or is no longer, usable
JavaScript error: https://www.babynames.com/Names/search.php, line 268: SyntaxError: illegal character
JavaScript error: https://www.babynames.com/Names/search.php, line 332: SyntaxError: illegal character
JavaScript error: https://ajax.googleapis.com/ajax/libs/jquerymobile/1.4.5/jquery.mobile.min.js, line 4: TypeError: a.event.props is undefined
JavaScript error: https://www.babynames.com/Names/search.php, line 268: SyntaxError: illegal character
JavaScript error: https://www.babynames.com/Names/search.php, line 332: SyntaxError: illegal character
JavaScript error: https://ajax.googleapis.com/ajax/libs/jquerymobile/1.4.5/jquery.mobile.min.js, line 4: TypeError: a.event.props is undefined
JavaScript error: , line 0: InvalidStateError: An attempt was made to use an object that is not, or is no longer, usable
JavaScript error: https://www.babynames.com/Names/search.php, line 268: SyntaxError: illegal character
JavaScript error: https://www.babynames.com/Names/search.php, line 332: SyntaxError: illegal character
JavaScript error: https://ajax.googleapis.com/ajax/libs/jquerymobile/1.4.5/jquery.mobile.min.js, line 4: TypeError: a.event.props is undefined
JavaScript error: https://www.babynames.com/Names/search.php, line 268: SyntaxError: illegal character
JavaScript error: https://www.babynames.com/Names/search.php, line 332: SyntaxError: illegal character
JavaScript error: https://ajax.googleapis.com/ajax/libs/jquerymobile/1.4.5/jquery.mobile.min.js, line 4: TypeError: a.event.props is undefined
JavaScript error: , line 0: InvalidStateError: An attempt was made to use an object that is not, or is no longer, usable
JavaScript error: https://www.babynames.com/Names/search.php, line 268: SyntaxError: illegal character
JavaScript error: https://www.babynames.com/Names/search.php, line 332: SyntaxError: illegal character
JavaScript error: https://ajax.googleapis.com/ajax/libs/jquerymobile/1.4.5/jquery.mobile.min.js, line 4: TypeError: a.event.props is undefined
JavaScript error: https://www.babynames.com/Names/search.php, line 268: SyntaxError: illegal character
JavaScript error: https://www.babynames.com/Names/search.php, line 332: SyntaxError: illegal character
JavaScript error: https://ajax.googleapis.com/ajax/libs/jquerymobile/1.4.5/jquery.mobile.min.js, line 4: TypeError: a.event.props is undefined
JavaScript error: https://static.adsafeprotected.com/main.19.8.5.js, line 117: NS_ERROR_NOT_INITIALIZED: 
JavaScript error: , line 0: InvalidStateError: An attempt was made to use an object that is not, or is no longer, usable
JavaScript error: https://www.babynames.com/Names/search.php, line 268: SyntaxError: illegal character
JavaScript error: https://www.babynames.com/Names/search.php, line 332: SyntaxError: illegal character
JavaScript error: https://ajax.googleapis.com/ajax/libs/jquerymobile/1.4.5/jquery.mobile.min.js, line 4: TypeError: a.event.props is undefined
JavaScript error: https://www.babynames.com/Names/search.php, line 268: SyntaxError: illegal character
JavaScript error: https://www.babynames.com/Names/search.php, line 332: SyntaxError: illegal character
JavaScript error: https://ajax.googleapis.com/ajax/libs/jquerymobile/1.4.5/jquery.mobile.min.js, line 4: TypeError: a.event.props is undefined
JavaScript error: https://www.babynames.com/Names/search.php, line 268: SyntaxError: illegal character
JavaScript error: https://www.babynames.com/Names/search.php, line 332: SyntaxError: illegal character
JavaScript error: https://ajax.googleapis.com/ajax/libs/jquerymobile/1.4.5/jquery.mobile.min.js, line 4: TypeError: a.event.props is undefined
JavaScript error: https://www.babynames.com/Names/search.php, line 268: SyntaxError: illegal character
JavaScript error: https://www.babynames.com/Names/search.php, line 332: SyntaxError: illegal character
JavaScript error: https://ajax.googleapis.com/ajax/libs/jquerymobile/1.4.5/jquery.mobile.min.js, line 4: TypeError: a.event.props is undefined
JavaScript error: https://www.babynames.com/Names/search.php, line 268: SyntaxError: illegal character
JavaScript error: https://www.babynames.com/Names/search.php, line 332: SyntaxError: illegal character
JavaScript error: https://ajax.googleapis.com/ajax/libs/jquerymobile/1.4.5/jquery.mobile.min.js, line 4: TypeError: a.event.props is undefined
JavaScript error: https://www.babynames.com/Names/search.php, line 268: SyntaxError: illegal character
JavaScript error: https://www.babynames.com/Names/search.php, line 332: SyntaxError: illegal character
JavaScript error: https://static.adsafeprotected.com/main.19.8.5.js, line 294: TypeError: d is undefined
JavaScript error: https://static.adsafeprotected.com/main.19.8.5.js, line 294: TypeError: d is undefined
JavaScript error: https://ajax.googleapis.com/ajax/libs/jquerymobile/1.4.5/jquery.mobile.min.js, line 4: TypeError: a.event.props is undefined
JavaScript error: , line 0: InvalidStateError: An attempt was made to use an object that is not, or is no longer, usable
JavaScript error: https://www.babynames.com/Names/search.php, line 268: SyntaxError: illegal character
JavaScript error: https://www.babynames.com/Names/search.php, line 332: SyntaxError: illegal character
JavaScript error: https://ajax.googleapis.com/ajax/libs/jquerymobile/1.4.5/jquery.mobile.min.js, line 4: TypeError: a.event.props is undefined
JavaScript error: , line 0: InvalidStateError: An attempt was made to use an object that is not, or is no longer, usable
JavaScript error: https://www.babynames.com/Names/search.php, line 268: SyntaxError: illegal character
JavaScript error: https://www.babynames.com/Names/search.php, line 332: SyntaxError: illegal character
JavaScript error: https://ajax.googleapis.com/ajax/libs/jquerymobile/1.4.5/jquery.mobile.min.js, line 4: TypeError: a.event.props is undefined
JavaScript error: , line 0: InvalidStateError: An attempt was made to use an object that is not, or is no longer, usable
JavaScript error: https://www.babynames.com/Names/search.php, line 268: SyntaxError: illegal character
JavaScript error: https://www.babynames.com/Names/search.php, line 332: SyntaxError: illegal character
JavaScript error: https://ajax.googleapis.com/ajax/libs/jquerymobile/1.4.5/jquery.mobile.min.js, line 4: TypeError: a.event.props is undefined
JavaScript error: , line 0: InvalidStateError: An attempt was made to use an object that is not, or is no longer, usable
JavaScript error: https://www.babynames.com/Names/search.php, line 268: SyntaxError: illegal character
JavaScript error: https://www.babynames.com/Names/search.php, line 332: SyntaxError: illegal character
JavaScript error: https://ajax.googleapis.com/ajax/libs/jquerymobile/1.4.5/jquery.mobile.min.js, line 4: TypeError: a.event.props is undefined
JavaScript error: https://www.babynames.com/Names/search.php, line 268: SyntaxError: illegal character
JavaScript error: https://www.babynames.com/Names/search.php, line 332: SyntaxError: illegal character
JavaScript warning: https://z.moatads.com/sheknowsdfp184953205893/moatad.js#moatClientLevel1=15403870&moatClientLevel2=2543335655&moatClientLevel3=5064405287&moatClientLevel4=138269856607&moatClientSlicer1=21802406579&moatClientSlicer2=21802522447&zMoatPLAT=desk&zMoatIV=true&zMoatST=babynamescom25953&zMoatSlot=frame2&zMoatSZ=728x90&zMoatPGN=&zMoatPT=-&zMoatINST=s1&zMoatLOC=sticky&zMoatMSafety=&zMoatMGV=&zMoatMMV=&zMoatMData=&zMoatTS=&zMoatBOOM=&zMoatRF=n&zMoatTC=, line 243: Error: WebGL warning: <SetDimensions>: Can't use WebGL in headless mode (https://bugzil.la/1375585).
JavaScript warning: https://z.moatads.com/sheknowsdfp184953205893/moatad.js#moatClientLevel1=15403870&moatClientLevel2=2543335655&moatClientLevel3=5064405287&moatClientLevel4=138269856607&moatClientSlicer1=21802406579&moatClientSlicer2=21802522447&zMoatPLAT=desk&zMoatIV=true&zMoatST=babynamescom25953&zMoatSlot=frame2&zMoatSZ=728x90&zMoatPGN=&zMoatPT=-&zMoatINST=s1&zMoatLOC=sticky&zMoatMSafety=&zMoatMGV=&zMoatMMV=&zMoatMData=&zMoatTS=&zMoatBOOM=&zMoatRF=n&zMoatTC=, line 243: Error: WebGL warning: <SetDimensions>: Failed to create WebGL context: WebGL creation failed: 
* Can't use WebGL in headless mode (https://bugzil.la/1375585).
JavaScript warning: https://z.moatads.com/sheknowsdfp184953205893/moatad.js#moatClientLevel1=15403870&moatClientLevel2=2543335655&moatClientLevel3=5064405287&moatClientLevel4=138269856607&moatClientSlicer1=21802406579&moatClientSlicer2=21802522447&zMoatPLAT=desk&zMoatIV=true&zMoatST=babynamescom25953&zMoatSlot=frame2&zMoatSZ=728x90&zMoatPGN=&zMoatPT=-&zMoatINST=s1&zMoatLOC=sticky&zMoatMSafety=&zMoatMGV=&zMoatMMV=&zMoatMData=&zMoatTS=&zMoatBOOM=&zMoatRF=n&zMoatTC=, line 243: Error: WebGL warning: <SetDimensions>: Can't use WebGL in headless mode (https://bugzil.la/1375585).
JavaScript warning: https://z.moatads.com/sheknowsdfp184953205893/moatad.js#moatClientLevel1=15403870&moatClientLevel2=2543335655&moatClientLevel3=5064405287&moatClientLevel4=138269856607&moatClientSlicer1=21802406579&moatClientSlicer2=21802522447&zMoatPLAT=desk&zMoatIV=true&zMoatST=babynamescom25953&zMoatSlot=frame2&zMoatSZ=728x90&zMoatPGN=&zMoatPT=-&zMoatINST=s1&zMoatLOC=sticky&zMoatMSafety=&zMoatMGV=&zMoatMMV=&zMoatMData=&zMoatTS=&zMoatBOOM=&zMoatRF=n&zMoatTC=, line 243: Error: WebGL warning: <SetDimensions>: Failed to create WebGL context: WebGL creation failed: 
* Can't use WebGL in headless mode (https://bugzil.la/1375585).
JavaScript error: https://ajax.googleapis.com/ajax/libs/jquerymobile/1.4.5/jquery.mobile.min.js, line 4: TypeError: a.event.props is undefined
JavaScript error: , line 0: InvalidStateError: An attempt was made to use an object that is not, or is no longer, usable
JavaScript error: https://www.babynames.com/Names/search.php, line 268: SyntaxError: illegal character
JavaScript error: https://www.babynames.com/Names/search.php, line 332: SyntaxError: illegal character
JavaScript warning: https://z.moatads.com/sheknowsdfp184953205893/moatad.js#moatClientLevel1=15403870&moatClientLevel2=2543335655&moatClientLevel3=5064405287&moatClientLevel4=138269856607&moatClientSlicer1=21802406579&moatClientSlicer2=21802522447&zMoatPLAT=desk&zMoatIV=true&zMoatST=babynamescom25953&zMoatSlot=frame2&zMoatSZ=728x90&zMoatPGN=&zMoatPT=-&zMoatINST=s1&zMoatLOC=sticky&zMoatMSafety=&zMoatMGV=&zMoatMMV=&zMoatMData=&zMoatTS=&zMoatBOOM=&zMoatRF=n&zMoatTC=, line 243: Error: WebGL warning: <SetDimensions>: Can't use WebGL in headless mode (https://bugzil.la/1375585).
JavaScript warning: https://z.moatads.com/sheknowsdfp184953205893/moatad.js#moatClientLevel1=15403870&moatClientLevel2=2543335655&moatClientLevel3=5064405287&moatClientLevel4=138269856607&moatClientSlicer1=21802406579&moatClientSlicer2=21802522447&zMoatPLAT=desk&zMoatIV=true&zMoatST=babynamescom25953&zMoatSlot=frame2&zMoatSZ=728x90&zMoatPGN=&zMoatPT=-&zMoatINST=s1&zMoatLOC=sticky&zMoatMSafety=&zMoatMGV=&zMoatMMV=&zMoatMData=&zMoatTS=&zMoatBOOM=&zMoatRF=n&zMoatTC=, line 243: Error: WebGL warning: <SetDimensions>: Failed to create WebGL context: WebGL creation failed: 
* Can't use WebGL in headless mode (https://bugzil.la/1375585).
JavaScript warning: https://z.moatads.com/sheknowsdfp184953205893/moatad.js#moatClientLevel1=15403870&moatClientLevel2=2543335655&moatClientLevel3=5064405287&moatClientLevel4=138269856607&moatClientSlicer1=21802406579&moatClientSlicer2=21802522447&zMoatPLAT=desk&zMoatIV=true&zMoatST=babynamescom25953&zMoatSlot=frame2&zMoatSZ=728x90&zMoatPGN=&zMoatPT=-&zMoatINST=s1&zMoatLOC=sticky&zMoatMSafety=&zMoatMGV=&zMoatMMV=&zMoatMData=&zMoatTS=&zMoatBOOM=&zMoatRF=n&zMoatTC=, line 243: Error: WebGL warning: <SetDimensions>: Can't use WebGL in headless mode (https://bugzil.la/1375585).
JavaScript warning: https://z.moatads.com/sheknowsdfp184953205893/moatad.js#moatClientLevel1=15403870&moatClientLevel2=2543335655&moatClientLevel3=5064405287&moatClientLevel4=138269856607&moatClientSlicer1=21802406579&moatClientSlicer2=21802522447&zMoatPLAT=desk&zMoatIV=true&zMoatST=babynamescom25953&zMoatSlot=frame2&zMoatSZ=728x90&zMoatPGN=&zMoatPT=-&zMoatINST=s1&zMoatLOC=sticky&zMoatMSafety=&zMoatMGV=&zMoatMMV=&zMoatMData=&zMoatTS=&zMoatBOOM=&zMoatRF=n&zMoatTC=, line 243: Error: WebGL warning: <SetDimensions>: Failed to create WebGL context: WebGL creation failed: 
* Can't use WebGL in headless mode (https://bugzil.la/1375585).
JavaScript error: https://static.adsafeprotected.com/main.19.8.5.js, line 294: TypeError: d is undefined
JavaScript error: https://static.adsafeprotected.com/main.19.8.5.js, line 294: TypeError: d is undefined
JavaScript error: https://ajax.googleapis.com/ajax/libs/jquerymobile/1.4.5/jquery.mobile.min.js, line 4: TypeError: a.event.props is undefined
JavaScript error: , line 0: InvalidStateError: An attempt was made to use an object that is not, or is no longer, usable
JavaScript error: https://www.babynames.com/Names/search.php, line 268: SyntaxError: illegal character
JavaScript error: https://www.babynames.com/Names/search.php, line 332: SyntaxError: illegal character
JavaScript warning: https://z.moatads.com/sheknowsdfp184953205893/moatad.js#moatClientLevel1=15403870&moatClientLevel2=2543335655&moatClientLevel3=5064405287&moatClientLevel4=138269856607&moatClientSlicer1=21802406579&moatClientSlicer2=21802522447&zMoatPLAT=desk&zMoatIV=true&zMoatST=babynamescom25953&zMoatSlot=frame2&zMoatSZ=728x90&zMoatPGN=&zMoatPT=-&zMoatINST=s1&zMoatLOC=sticky&zMoatMSafety=&zMoatMGV=&zMoatMMV=&zMoatMData=&zMoatTS=&zMoatBOOM=&zMoatRF=n&zMoatTC=, line 243: Error: WebGL warning: <SetDimensions>: Can't use WebGL in headless mode (https://bugzil.la/1375585).
JavaScript warning: https://z.moatads.com/sheknowsdfp184953205893/moatad.js#moatClientLevel1=15403870&moatClientLevel2=2543335655&moatClientLevel3=5064405287&moatClientLevel4=138269856607&moatClientSlicer1=21802406579&moatClientSlicer2=21802522447&zMoatPLAT=desk&zMoatIV=true&zMoatST=babynamescom25953&zMoatSlot=frame2&zMoatSZ=728x90&zMoatPGN=&zMoatPT=-&zMoatINST=s1&zMoatLOC=sticky&zMoatMSafety=&zMoatMGV=&zMoatMMV=&zMoatMData=&zMoatTS=&zMoatBOOM=&zMoatRF=n&zMoatTC=, line 243: Error: WebGL warning: <SetDimensions>: Failed to create WebGL context: WebGL creation failed: 
* Can't use WebGL in headless mode (https://bugzil.la/1375585).
JavaScript warning: https://z.moatads.com/sheknowsdfp184953205893/moatad.js#moatClientLevel1=15403870&moatClientLevel2=2543335655&moatClientLevel3=5064405287&moatClientLevel4=138269856607&moatClientSlicer1=21802406579&moatClientSlicer2=21802522447&zMoatPLAT=desk&zMoatIV=true&zMoatST=babynamescom25953&zMoatSlot=frame2&zMoatSZ=728x90&zMoatPGN=&zMoatPT=-&zMoatINST=s1&zMoatLOC=sticky&zMoatMSafety=&zMoatMGV=&zMoatMMV=&zMoatMData=&zMoatTS=&zMoatBOOM=&zMoatRF=n&zMoatTC=, line 243: Error: WebGL warning: <SetDimensions>: Can't use WebGL in headless mode (https://bugzil.la/1375585).
JavaScript warning: https://z.moatads.com/sheknowsdfp184953205893/moatad.js#moatClientLevel1=15403870&moatClientLevel2=2543335655&moatClientLevel3=5064405287&moatClientLevel4=138269856607&moatClientSlicer1=21802406579&moatClientSlicer2=21802522447&zMoatPLAT=desk&zMoatIV=true&zMoatST=babynamescom25953&zMoatSlot=frame2&zMoatSZ=728x90&zMoatPGN=&zMoatPT=-&zMoatINST=s1&zMoatLOC=sticky&zMoatMSafety=&zMoatMGV=&zMoatMMV=&zMoatMData=&zMoatTS=&zMoatBOOM=&zMoatRF=n&zMoatTC=, line 243: Error: WebGL warning: <SetDimensions>: Failed to create WebGL context: WebGL creation failed: 
* Can't use WebGL in headless mode (https://bugzil.la/1375585).
JavaScript error: https://ajax.googleapis.com/ajax/libs/jquerymobile/1.4.5/jquery.mobile.min.js, line 4: TypeError: a.event.props is undefined
JavaScript error: , line 0: InvalidStateError: An attempt was made to use an object that is not, or is no longer, usable
JavaScript error: https://www.babynames.com/Names/search.php, line 268: SyntaxError: illegal character
JavaScript error: https://www.babynames.com/Names/search.php, line 332: SyntaxError: illegal character
JavaScript error: https://ajax.googleapis.com/ajax/libs/jquerymobile/1.4.5/jquery.mobile.min.js, line 4: TypeError: a.event.props is undefined
JavaScript error: , line 0: InvalidStateError: An attempt was made to use an object that is not, or is no longer, usable
JavaScript error: https://www.babynames.com/Names/search.php, line 268: SyntaxError: illegal character
JavaScript error: https://www.babynames.com/Names/search.php, line 332: SyntaxError: illegal character
JavaScript error: https://googleads.g.doubleclick.net/pagead/ads?client=ca-pub-9489621755605348&output=html&h=250&slotname=1678678771&adk=3954500863&adf=2482316165&w=300&guci=2.2.0.0.2.2.0.0&url=https%3A%2F%2Fwww.babynames.com%2FNames%2Fsearch.php&ea=0&flash=0&wgl=1&dt=1567260756834&bpp=30&bdt=754&fdt=216&idt=216&shv=r20190826&cbv=r20190131&saldr=sa&correlator=6790066126797&frm=23&ife=5&pv=1&ga_vid=833621590.1567260451&ga_sid=1567260757&ga_hid=473601502&ga_fc=0&icsg=170&nhd=2&dssz=5&mdo=0&mso=0&u_tz=480&u_his=26&u_java=0&u_h=768&u_w=1366&u_ah=768&u_aw=1366&u_cd=24&u_nplug=0&u_nmime=0&adx=986&ady=290&biw=1349&bih=662&isw=300&ish=250&ifk=1857671139&scr_x=0&scr_y=0&eid=332260031%2C332260041&oid=3&ref=https%3A%2F%2Fwww.babynames.com%2FNames%2Fsearch.php&rx=0&eae=2&fc=656&brdim=4%2C4%2C4%2C4%2C1366%2C0%2C1366%2C768%2C300%2C250&vis=1&rsz=%7Cm%7CpoeE%7Cp&abl=XS&pfx=0&fu=20&bc=29&ifi=1&uci=1.u7qugtuc7d0n&dtd=242, line 1: ReferenceError: vu is not defined
JavaScript error: https://googleads.g.doubleclick.net/pagead/ads?client=ca-pub-9489621755605348&output=html&h=250&slotname=1678678771&adk=3954500863&adf=2482316165&w=300&guci=2.2.0.0.2.2.0.0&url=https%3A%2F%2Fwww.babynames.com%2FNames%2Fsearch.php&ea=0&flash=0&wgl=1&dt=1567260756834&bpp=30&bdt=754&fdt=216&idt=216&shv=r20190826&cbv=r20190131&saldr=sa&correlator=6790066126797&frm=23&ife=5&pv=1&ga_vid=833621590.1567260451&ga_sid=1567260757&ga_hid=473601502&ga_fc=0&icsg=170&nhd=2&dssz=5&mdo=0&mso=0&u_tz=480&u_his=26&u_java=0&u_h=768&u_w=1366&u_ah=768&u_aw=1366&u_cd=24&u_nplug=0&u_nmime=0&adx=986&ady=290&biw=1349&bih=662&isw=300&ish=250&ifk=1857671139&scr_x=0&scr_y=0&eid=332260031%2C332260041&oid=3&ref=https%3A%2F%2Fwww.babynames.com%2FNames%2Fsearch.php&rx=0&eae=2&fc=656&brdim=4%2C4%2C4%2C4%2C1366%2C0%2C1366%2C768%2C300%2C250&vis=1&rsz=%7Cm%7CpoeE%7Cp&abl=XS&pfx=0&fu=20&bc=29&ifi=1&uci=1.u7qugtuc7d0n&dtd=242, line 1: ReferenceError: googqscp is not defined
JavaScript error: https://ajax.googleapis.com/ajax/libs/jquerymobile/1.4.5/jquery.mobile.min.js, line 4: TypeError: a.event.props is undefined
JavaScript error: , line 0: InvalidStateError: An attempt was made to use an object that is not, or is no longer, usable
JavaScript error: https://www.babynames.com/Names/search.php, line 268: SyntaxError: illegal character
JavaScript error: https://www.babynames.com/Names/search.php, line 332: SyntaxError: illegal character
JavaScript error: https://ajax.googleapis.com/ajax/libs/jquerymobile/1.4.5/jquery.mobile.min.js, line 4: TypeError: a.event.props is undefined
JavaScript error: , line 0: InvalidStateError: An attempt was made to use an object that is not, or is no longer, usable
JavaScript error: https://www.babynames.com/Names/search.php, line 268: SyntaxError: illegal character
JavaScript error: https://www.babynames.com/Names/search.php, line 332: SyntaxError: illegal character
JavaScript error: https://ajax.googleapis.com/ajax/libs/jquerymobile/1.4.5/jquery.mobile.min.js, line 4: TypeError: a.event.props is undefined
JavaScript error: , line 0: InvalidStateError: An attempt was made to use an object that is not, or is no longer, usable
JavaScript error: https://www.babynames.com/Names/search.php, line 268: SyntaxError: illegal character
JavaScript error: https://www.babynames.com/Names/search.php, line 332: SyntaxError: illegal character
JavaScript error: https://ajax.googleapis.com/ajax/libs/jquerymobile/1.4.5/jquery.mobile.min.js, line 4: TypeError: a.event.props is undefined
JavaScript error: https://www.babynames.com/Names/search.php, line 268: SyntaxError: illegal character
JavaScript error: https://www.babynames.com/Names/search.php, line 332: SyntaxError: illegal character
JavaScript error: https://ajax.googleapis.com/ajax/libs/jquerymobile/1.4.5/jquery.mobile.min.js, line 4: TypeError: a.event.props is undefined
JavaScript error: , line 0: InvalidStateError: An attempt was made to use an object that is not, or is no longer, usable
JavaScript error: https://www.babynames.com/Names/search.php, line 268: SyntaxError: illegal character
JavaScript error: https://www.babynames.com/Names/search.php, line 332: SyntaxError: illegal character
JavaScript error: https://ajax.googleapis.com/ajax/libs/jquerymobile/1.4.5/jquery.mobile.min.js, line 4: TypeError: a.event.props is undefined
JavaScript error: , line 0: InvalidStateError: An attempt was made to use an object that is not, or is no longer, usable
JavaScript error: https://www.babynames.com/Names/search.php, line 268: SyntaxError: illegal character
JavaScript error: https://www.babynames.com/Names/search.php, line 332: SyntaxError: illegal character
JavaScript error: https://ajax.googleapis.com/ajax/libs/jquerymobile/1.4.5/jquery.mobile.min.js, line 4: TypeError: a.event.props is undefined
JavaScript error: https://www.babynames.com/Names/search.php, line 268: SyntaxError: illegal character
JavaScript error: https://www.babynames.com/Names/search.php, line 332: SyntaxError: illegal character
JavaScript error: https://ajax.googleapis.com/ajax/libs/jquerymobile/1.4.5/jquery.mobile.min.js, line 4: TypeError: a.event.props is undefined
JavaScript error: , line 0: InvalidStateError: An attempt was made to use an object that is not, or is no longer, usable
JavaScript error: https://www.babynames.com/Names/search.php, line 268: SyntaxError: illegal character
JavaScript error: https://www.babynames.com/Names/search.php, line 332: SyntaxError: illegal character
JavaScript error: https://ajax.googleapis.com/ajax/libs/jquerymobile/1.4.5/jquery.mobile.min.js, line 4: TypeError: a.event.props is undefined
JavaScript error: , line 0: InvalidStateError: An attempt was made to use an object that is not, or is no longer, usable
JavaScript error: https://www.babynames.com/Names/search.php, line 268: SyntaxError: illegal character
JavaScript error: https://www.babynames.com/Names/search.php, line 332: SyntaxError: illegal character
JavaScript error: https://ajax.googleapis.com/ajax/libs/jquerymobile/1.4.5/jquery.mobile.min.js, line 4: TypeError: a.event.props is undefined
JavaScript error: , line 0: InvalidStateError: An attempt was made to use an object that is not, or is no longer, usable
JavaScript error: https://www.babynames.com/Names/search.php, line 268: SyntaxError: illegal character
JavaScript error: https://www.babynames.com/Names/search.php, line 332: SyntaxError: illegal character
JavaScript error: https://ajax.googleapis.com/ajax/libs/jquerymobile/1.4.5/jquery.mobile.min.js, line 4: TypeError: a.event.props is undefined
JavaScript error: https://www.babynames.com/Names/search.php, line 268: SyntaxError: illegal character
JavaScript error: https://www.babynames.com/Names/search.php, line 332: SyntaxError: illegal character
JavaScript error: https://static.adsafeprotected.com/main.19.8.5.js, line 294: TypeError: d is undefined
JavaScript error: https://static.adsafeprotected.com/main.19.8.5.js, line 294: TypeError: d is undefined
JavaScript error: https://ajax.googleapis.com/ajax/libs/jquerymobile/1.4.5/jquery.mobile.min.js, line 4: TypeError: a.event.props is undefined
JavaScript error: , line 0: InvalidStateError: An attempt was made to use an object that is not, or is no longer, usable
JavaScript error: https://www.babynames.com/Names/search.php, line 268: SyntaxError: illegal character
JavaScript error: https://www.babynames.com/Names/search.php, line 332: SyntaxError: illegal character
JavaScript error: https://ajax.googleapis.com/ajax/libs/jquerymobile/1.4.5/jquery.mobile.min.js, line 4: TypeError: a.event.props is undefined
JavaScript error: , line 0: InvalidStateError: An attempt was made to use an object that is not, or is no longer, usable
JavaScript error: https://www.babynames.com/Names/search.php, line 268: SyntaxError: illegal character
JavaScript error: https://www.babynames.com/Names/search.php, line 332: SyntaxError: illegal character
JavaScript warning: https://z.moatads.com/sheknowsdfp184953205893/moatad.js#moatClientLevel1=15403870&moatClientLevel2=2543335655&moatClientLevel3=5064405287&moatClientLevel4=138269856607&moatClientSlicer1=21802406579&moatClientSlicer2=21802522447&zMoatPLAT=desk&zMoatIV=true&zMoatST=babynamescom25953&zMoatSlot=frame2&zMoatSZ=728x90&zMoatPGN=&zMoatPT=-&zMoatINST=s1&zMoatLOC=sticky&zMoatMSafety=&zMoatMGV=&zMoatMMV=&zMoatMData=&zMoatTS=&zMoatBOOM=&zMoatRF=n&zMoatTC=, line 243: Error: WebGL warning: <SetDimensions>: Can't use WebGL in headless mode (https://bugzil.la/1375585).
JavaScript warning: https://z.moatads.com/sheknowsdfp184953205893/moatad.js#moatClientLevel1=15403870&moatClientLevel2=2543335655&moatClientLevel3=5064405287&moatClientLevel4=138269856607&moatClientSlicer1=21802406579&moatClientSlicer2=21802522447&zMoatPLAT=desk&zMoatIV=true&zMoatST=babynamescom25953&zMoatSlot=frame2&zMoatSZ=728x90&zMoatPGN=&zMoatPT=-&zMoatINST=s1&zMoatLOC=sticky&zMoatMSafety=&zMoatMGV=&zMoatMMV=&zMoatMData=&zMoatTS=&zMoatBOOM=&zMoatRF=n&zMoatTC=, line 243: Error: WebGL warning: <SetDimensions>: Failed to create WebGL context: WebGL creation failed: 
* Can't use WebGL in headless mode (https://bugzil.la/1375585).
JavaScript warning: https://z.moatads.com/sheknowsdfp184953205893/moatad.js#moatClientLevel1=15403870&moatClientLevel2=2543335655&moatClientLevel3=5064405287&moatClientLevel4=138269856607&moatClientSlicer1=21802406579&moatClientSlicer2=21802522447&zMoatPLAT=desk&zMoatIV=true&zMoatST=babynamescom25953&zMoatSlot=frame2&zMoatSZ=728x90&zMoatPGN=&zMoatPT=-&zMoatINST=s1&zMoatLOC=sticky&zMoatMSafety=&zMoatMGV=&zMoatMMV=&zMoatMData=&zMoatTS=&zMoatBOOM=&zMoatRF=n&zMoatTC=, line 243: Error: WebGL warning: <SetDimensions>: Can't use WebGL in headless mode (https://bugzil.la/1375585).
JavaScript warning: https://z.moatads.com/sheknowsdfp184953205893/moatad.js#moatClientLevel1=15403870&moatClientLevel2=2543335655&moatClientLevel3=5064405287&moatClientLevel4=138269856607&moatClientSlicer1=21802406579&moatClientSlicer2=21802522447&zMoatPLAT=desk&zMoatIV=true&zMoatST=babynamescom25953&zMoatSlot=frame2&zMoatSZ=728x90&zMoatPGN=&zMoatPT=-&zMoatINST=s1&zMoatLOC=sticky&zMoatMSafety=&zMoatMGV=&zMoatMMV=&zMoatMData=&zMoatTS=&zMoatBOOM=&zMoatRF=n&zMoatTC=, line 243: Error: WebGL warning: <SetDimensions>: Failed to create WebGL context: WebGL creation failed: 
* Can't use WebGL in headless mode (https://bugzil.la/1375585).
JavaScript error: https://ajax.googleapis.com/ajax/libs/jquerymobile/1.4.5/jquery.mobile.min.js, line 4: TypeError: a.event.props is undefined
JavaScript error: , line 0: InvalidStateError: An attempt was made to use an object that is not, or is no longer, usable
JavaScript error: https://www.babynames.com/Names/search.php, line 268: SyntaxError: illegal character
JavaScript error: https://www.babynames.com/Names/search.php, line 332: SyntaxError: illegal character
JavaScript error: https://ajax.googleapis.com/ajax/libs/jquerymobile/1.4.5/jquery.mobile.min.js, line 4: TypeError: a.event.props is undefined
JavaScript error: , line 0: InvalidStateError: An attempt was made to use an object that is not, or is no longer, usable
JavaScript error: https://www.babynames.com/Names/search.php, line 268: SyntaxError: illegal character
JavaScript error: https://www.babynames.com/Names/search.php, line 332: SyntaxError: illegal character
JavaScript error: https://ajax.googleapis.com/ajax/libs/jquerymobile/1.4.5/jquery.mobile.min.js, line 4: TypeError: a.event.props is undefined
JavaScript error: , line 0: InvalidStateError: An attempt was made to use an object that is not, or is no longer, usable
JavaScript error: https://www.babynames.com/Names/search.php, line 268: SyntaxError: illegal character
JavaScript error: https://www.babynames.com/Names/search.php, line 332: SyntaxError: illegal character
JavaScript error: https://ajax.googleapis.com/ajax/libs/jquerymobile/1.4.5/jquery.mobile.min.js, line 4: TypeError: a.event.props is undefined
JavaScript error: , line 0: InvalidStateError: An attempt was made to use an object that is not, or is no longer, usable
JavaScript error: https://www.babynames.com/Names/search.php, line 268: SyntaxError: illegal character
JavaScript error: https://www.babynames.com/Names/search.php, line 332: SyntaxError: illegal character
JavaScript error: https://ajax.googleapis.com/ajax/libs/jquerymobile/1.4.5/jquery.mobile.min.js, line 4: TypeError: a.event.props is undefined
JavaScript error: , line 0: InvalidStateError: An attempt was made to use an object that is not, or is no longer, usable
JavaScript error: https://www.babynames.com/Names/search.php, line 268: SyntaxError: illegal character
JavaScript error: https://www.babynames.com/Names/search.php, line 332: SyntaxError: illegal character
JavaScript error: https://ajax.googleapis.com/ajax/libs/jquerymobile/1.4.5/jquery.mobile.min.js, line 4: TypeError: a.event.props is undefined
JavaScript error: , line 0: InvalidStateError: An attempt was made to use an object that is not, or is no longer, usable
JavaScript error: https://www.babynames.com/Names/search.php, line 268: SyntaxError: illegal character
JavaScript error: https://www.babynames.com/Names/search.php, line 332: SyntaxError: illegal character
JavaScript error: https://ajax.googleapis.com/ajax/libs/jquerymobile/1.4.5/jquery.mobile.min.js, line 4: TypeError: a.event.props is undefined
JavaScript error: , line 0: InvalidStateError: An attempt was made to use an object that is not, or is no longer, usable
JavaScript error: https://www.babynames.com/Names/search.php, line 268: SyntaxError: illegal character
JavaScript error: https://www.babynames.com/Names/search.php, line 332: SyntaxError: illegal character
JavaScript error: https://googleads.g.doubleclick.net/pagead/ads?client=ca-pub-9489621755605348&output=html&h=90&slotname=7725212371&adk=1123304386&adf=2482316164&w=728&guci=2.2.0.0.2.2.0.0&url=https%3A%2F%2Fwww.babynames.com%2FNames%2Fsearch.php&ea=0&flash=0&wgl=1&adsid=NT&dt=1567261022557&bpp=753&bdt=3058&fdt=1352&idt=1415&shv=r20190826&cbv=r20190131&saldr=sa&correlator=4025201227309&frm=23&ife=5&pv=2&ga_vid=833621590.1567260451&ga_sid=1567261024&ga_hid=1088055657&ga_fc=0&icsg=170&nhd=2&dssz=5&mdo=0&mso=0&u_tz=480&u_his=47&u_java=0&u_h=768&u_w=1366&u_ah=768&u_aw=1366&u_cd=24&u_nplug=0&u_nmime=0&adx=572&ady=91&biw=1349&bih=662&isw=728&ish=90&ifk=1126190407&scr_x=0&scr_y=0&eid=332260031%2C332260041%2C410075106%2C20040011&oid=3&ref=https%3A%2F%2Fwww.babynames.com%2FNames%2Fsearch.php&rx=0&eae=2&fc=656&brdim=4%2C4%2C4%2C4%2C1366%2C0%2C1366%2C768%2C728%2C90&vis=1&rsz=%7C%7CleE%7C&abl=CS&pfx=0&fu=20&bc=29&ifi=1&uci=1.3zqptguisafb&dtd=2038, line 1: ReferenceError: vu is not defined
JavaScript error: https://googleads.g.doubleclick.net/pagead/ads?client=ca-pub-9489621755605348&output=html&h=90&slotname=7725212371&adk=1123304386&adf=2482316164&w=728&guci=2.2.0.0.2.2.0.0&url=https%3A%2F%2Fwww.babynames.com%2FNames%2Fsearch.php&ea=0&flash=0&wgl=1&adsid=NT&dt=1567261022557&bpp=753&bdt=3058&fdt=1352&idt=1415&shv=r20190826&cbv=r20190131&saldr=sa&correlator=4025201227309&frm=23&ife=5&pv=2&ga_vid=833621590.1567260451&ga_sid=1567261024&ga_hid=1088055657&ga_fc=0&icsg=170&nhd=2&dssz=5&mdo=0&mso=0&u_tz=480&u_his=47&u_java=0&u_h=768&u_w=1366&u_ah=768&u_aw=1366&u_cd=24&u_nplug=0&u_nmime=0&adx=572&ady=91&biw=1349&bih=662&isw=728&ish=90&ifk=1126190407&scr_x=0&scr_y=0&eid=332260031%2C332260041%2C410075106%2C20040011&oid=3&ref=https%3A%2F%2Fwww.babynames.com%2FNames%2Fsearch.php&rx=0&eae=2&fc=656&brdim=4%2C4%2C4%2C4%2C1366%2C0%2C1366%2C768%2C728%2C90&vis=1&rsz=%7C%7CleE%7C&abl=CS&pfx=0&fu=20&bc=29&ifi=1&uci=1.3zqptguisafb&dtd=2038, line 1: ReferenceError: googqscp is not defined
JavaScript error: https://googleads.g.doubleclick.net/pagead/ads?client=ca-pub-9489621755605348&output=html&h=90&slotname=7725212371&adk=1123304386&adf=2482316164&w=728&guci=2.2.0.0.2.2.0.0&url=https%3A%2F%2Fwww.babynames.com%2FNames%2Fsearch.php&ea=0&flash=0&wgl=1&adsid=NT&dt=1567261022557&bpp=753&bdt=3058&fdt=1352&idt=1415&shv=r20190826&cbv=r20190131&saldr=sa&correlator=4025201227309&frm=23&ife=5&pv=2&ga_vid=833621590.1567260451&ga_sid=1567261024&ga_hid=1088055657&ga_fc=0&icsg=170&nhd=2&dssz=5&mdo=0&mso=0&u_tz=480&u_his=47&u_java=0&u_h=768&u_w=1366&u_ah=768&u_aw=1366&u_cd=24&u_nplug=0&u_nmime=0&adx=572&ady=91&biw=1349&bih=662&isw=728&ish=90&ifk=1126190407&scr_x=0&scr_y=0&eid=332260031%2C332260041%2C410075106%2C20040011&oid=3&ref=https%3A%2F%2Fwww.babynames.com%2FNames%2Fsearch.php&rx=0&eae=2&fc=656&brdim=4%2C4%2C4%2C4%2C1366%2C0%2C1366%2C768%2C728%2C90&vis=1&rsz=%7C%7CleE%7C&abl=CS&pfx=0&fu=20&bc=29&ifi=1&uci=1.3zqptguisafb&dtd=2038, line 1: ReferenceError: bga is not defined
1567261236161	Marionette	WARN	TimedPromise timed out after 500 ms: stacktrace:
bail@chrome://marionette/content/sync.js:224:64
JavaScript error: https://ajax.googleapis.com/ajax/libs/jquerymobile/1.4.5/jquery.mobile.min.js, line 4: TypeError: a.event.props is undefined
JavaScript error: https://www.babynames.com/Names/search.php, line 268: SyntaxError: illegal character
JavaScript error: https://www.babynames.com/Names/search.php, line 332: SyntaxError: illegal character
JavaScript error: https://ajax.googleapis.com/ajax/libs/jquerymobile/1.4.5/jquery.mobile.min.js, line 4: TypeError: a.event.props is undefined
JavaScript error: , line 0: InvalidStateError: An attempt was made to use an object that is not, or is no longer, usable
JavaScript error: https://www.babynames.com/Names/search.php, line 268: SyntaxError: illegal character
JavaScript error: https://www.babynames.com/Names/search.php, line 332: SyntaxError: illegal character
JavaScript warning: https://z.moatads.com/sheknowsdfp184953205893/moatad.js#moatClientLevel1=15403870&moatClientLevel2=2543335655&moatClientLevel3=5064405287&moatClientLevel4=138269856607&moatClientSlicer1=21802406579&moatClientSlicer2=21802522447&zMoatPLAT=desk&zMoatIV=true&zMoatST=babynamescom25953&zMoatSlot=frame2&zMoatSZ=728x90&zMoatPGN=&zMoatPT=-&zMoatINST=s1&zMoatLOC=sticky&zMoatMSafety=&zMoatMGV=&zMoatMMV=&zMoatMData=&zMoatTS=&zMoatBOOM=&zMoatRF=n&zMoatTC=, line 243: Error: WebGL warning: <SetDimensions>: Can't use WebGL in headless mode (https://bugzil.la/1375585).
JavaScript warning: https://z.moatads.com/sheknowsdfp184953205893/moatad.js#moatClientLevel1=15403870&moatClientLevel2=2543335655&moatClientLevel3=5064405287&moatClientLevel4=138269856607&moatClientSlicer1=21802406579&moatClientSlicer2=21802522447&zMoatPLAT=desk&zMoatIV=true&zMoatST=babynamescom25953&zMoatSlot=frame2&zMoatSZ=728x90&zMoatPGN=&zMoatPT=-&zMoatINST=s1&zMoatLOC=sticky&zMoatMSafety=&zMoatMGV=&zMoatMMV=&zMoatMData=&zMoatTS=&zMoatBOOM=&zMoatRF=n&zMoatTC=, line 243: Error: WebGL warning: <SetDimensions>: Failed to create WebGL context: WebGL creation failed: 
* Can't use WebGL in headless mode (https://bugzil.la/1375585).
JavaScript warning: https://z.moatads.com/sheknowsdfp184953205893/moatad.js#moatClientLevel1=15403870&moatClientLevel2=2543335655&moatClientLevel3=5064405287&moatClientLevel4=138269856607&moatClientSlicer1=21802406579&moatClientSlicer2=21802522447&zMoatPLAT=desk&zMoatIV=true&zMoatST=babynamescom25953&zMoatSlot=frame2&zMoatSZ=728x90&zMoatPGN=&zMoatPT=-&zMoatINST=s1&zMoatLOC=sticky&zMoatMSafety=&zMoatMGV=&zMoatMMV=&zMoatMData=&zMoatTS=&zMoatBOOM=&zMoatRF=n&zMoatTC=, line 243: Error: WebGL warning: <SetDimensions>: Can't use WebGL in headless mode (https://bugzil.la/1375585).
JavaScript warning: https://z.moatads.com/sheknowsdfp184953205893/moatad.js#moatClientLevel1=15403870&moatClientLevel2=2543335655&moatClientLevel3=5064405287&moatClientLevel4=138269856607&moatClientSlicer1=21802406579&moatClientSlicer2=21802522447&zMoatPLAT=desk&zMoatIV=true&zMoatST=babynamescom25953&zMoatSlot=frame2&zMoatSZ=728x90&zMoatPGN=&zMoatPT=-&zMoatINST=s1&zMoatLOC=sticky&zMoatMSafety=&zMoatMGV=&zMoatMMV=&zMoatMData=&zMoatTS=&zMoatBOOM=&zMoatRF=n&zMoatTC=, line 243: Error: WebGL warning: <SetDimensions>: Failed to create WebGL context: WebGL creation failed: 
* Can't use WebGL in headless mode (https://bugzil.la/1375585).
JavaScript error: https://ajax.googleapis.com/ajax/libs/jquerymobile/1.4.5/jquery.mobile.min.js, line 4: TypeError: a.event.props is undefined
JavaScript error: , line 0: InvalidStateError: An attempt was made to use an object that is not, or is no longer, usable
JavaScript error: https://www.babynames.com/Names/search.php, line 268: SyntaxError: illegal character
JavaScript error: https://www.babynames.com/Names/search.php, line 332: SyntaxError: illegal character
JavaScript error: https://googleads.g.doubleclick.net/pagead/ads?client=ca-pub-9489621755605348&output=html&h=250&slotname=1678678771&adk=3954500863&adf=2478891016&w=300&guci=2.2.0.0.2.2.0.0&url=https%3A%2F%2Fwww.babynames.com%2FNames%2Fsearch.php&ea=0&flash=0&wgl=1&adsid=NT&dt=1567261297856&bpp=31&bdt=673&fdt=198&idt=198&shv=r20190826&cbv=r20190131&saldr=sa&correlator=8497219001258&frm=23&ife=5&pv=1&ga_vid=833621590.1567260451&ga_sid=1567261298&ga_hid=127396268&ga_fc=0&icsg=170&nhd=2&dssz=5&mdo=0&mso=0&u_tz=480&u_his=50&u_java=0&u_h=768&u_w=1366&u_ah=768&u_aw=1366&u_cd=24&u_nplug=0&u_nmime=0&adx=986&ady=290&biw=1349&bih=662&isw=300&ish=250&ifk=1857671139&scr_x=0&scr_y=0&eid=332260031%2C332260041%2C20040010&oid=3&ref=https%3A%2F%2Fwww.babynames.com%2FNames%2Fsearch.php&rx=0&eae=2&fc=656&brdim=4%2C4%2C4%2C4%2C1366%2C0%2C1366%2C768%2C300%2C250&vis=1&rsz=%7Cm%7CpoeE%7Cp&abl=XS&pfx=0&fu=20&bc=29&ifi=1&uci=1.c1osb69fegv4&dtd=222, line 17: ReferenceError: bga is not defined
JavaScript error: https://googleads.g.doubleclick.net/pagead/ads?client=ca-pub-9489621755605348&output=html&h=250&slotname=1678678771&adk=3954500863&adf=2478891016&w=300&guci=2.2.0.0.2.2.0.0&url=https%3A%2F%2Fwww.babynames.com%2FNames%2Fsearch.php&ea=0&flash=0&wgl=1&adsid=NT&dt=1567261297856&bpp=31&bdt=673&fdt=198&idt=198&shv=r20190826&cbv=r20190131&saldr=sa&correlator=8497219001258&frm=23&ife=5&pv=1&ga_vid=833621590.1567260451&ga_sid=1567261298&ga_hid=127396268&ga_fc=0&icsg=170&nhd=2&dssz=5&mdo=0&mso=0&u_tz=480&u_his=50&u_java=0&u_h=768&u_w=1366&u_ah=768&u_aw=1366&u_cd=24&u_nplug=0&u_nmime=0&adx=986&ady=290&biw=1349&bih=662&isw=300&ish=250&ifk=1857671139&scr_x=0&scr_y=0&eid=332260031%2C332260041%2C20040010&oid=3&ref=https%3A%2F%2Fwww.babynames.com%2FNames%2Fsearch.php&rx=0&eae=2&fc=656&brdim=4%2C4%2C4%2C4%2C1366%2C0%2C1366%2C768%2C300%2C250&vis=1&rsz=%7Cm%7CpoeE%7Cp&abl=XS&pfx=0&fu=20&bc=29&ifi=1&uci=1.c1osb69fegv4&dtd=222, line 17: ReferenceError: vu is not defined
JavaScript error: https://googleads.g.doubleclick.net/pagead/ads?client=ca-pub-9489621755605348&output=html&h=250&slotname=1678678771&adk=3954500863&adf=2478891016&w=300&guci=2.2.0.0.2.2.0.0&url=https%3A%2F%2Fwww.babynames.com%2FNames%2Fsearch.php&ea=0&flash=0&wgl=1&adsid=NT&dt=1567261297856&bpp=31&bdt=673&fdt=198&idt=198&shv=r20190826&cbv=r20190131&saldr=sa&correlator=8497219001258&frm=23&ife=5&pv=1&ga_vid=833621590.1567260451&ga_sid=1567261298&ga_hid=127396268&ga_fc=0&icsg=170&nhd=2&dssz=5&mdo=0&mso=0&u_tz=480&u_his=50&u_java=0&u_h=768&u_w=1366&u_ah=768&u_aw=1366&u_cd=24&u_nplug=0&u_nmime=0&adx=986&ady=290&biw=1349&bih=662&isw=300&ish=250&ifk=1857671139&scr_x=0&scr_y=0&eid=332260031%2C332260041%2C20040010&oid=3&ref=https%3A%2F%2Fwww.babynames.com%2FNames%2Fsearch.php&rx=0&eae=2&fc=656&brdim=4%2C4%2C4%2C4%2C1366%2C0%2C1366%2C768%2C300%2C250&vis=1&rsz=%7Cm%7CpoeE%7Cp&abl=XS&pfx=0&fu=20&bc=29&ifi=1&uci=1.c1osb69fegv4&dtd=222, line 17: ReferenceError: googqscp is not defined
JavaScript warning: https://z.moatads.com/sheknowsdfp184953205893/moatad.js#moatClientLevel1=15403870&moatClientLevel2=2543335655&moatClientLevel3=5064405287&moatClientLevel4=138269856607&moatClientSlicer1=21802406579&moatClientSlicer2=21802522447&zMoatPLAT=desk&zMoatIV=true&zMoatST=babynamescom25953&zMoatSlot=frame2&zMoatSZ=728x90&zMoatPGN=&zMoatPT=-&zMoatINST=s1&zMoatLOC=sticky&zMoatMSafety=&zMoatMGV=&zMoatMMV=&zMoatMData=&zMoatTS=&zMoatBOOM=&zMoatRF=n&zMoatTC=, line 243: Error: WebGL warning: <SetDimensions>: Can't use WebGL in headless mode (https://bugzil.la/1375585).
JavaScript warning: https://z.moatads.com/sheknowsdfp184953205893/moatad.js#moatClientLevel1=15403870&moatClientLevel2=2543335655&moatClientLevel3=5064405287&moatClientLevel4=138269856607&moatClientSlicer1=21802406579&moatClientSlicer2=21802522447&zMoatPLAT=desk&zMoatIV=true&zMoatST=babynamescom25953&zMoatSlot=frame2&zMoatSZ=728x90&zMoatPGN=&zMoatPT=-&zMoatINST=s1&zMoatLOC=sticky&zMoatMSafety=&zMoatMGV=&zMoatMMV=&zMoatMData=&zMoatTS=&zMoatBOOM=&zMoatRF=n&zMoatTC=, line 243: Error: WebGL warning: <SetDimensions>: Failed to create WebGL context: WebGL creation failed: 
* Can't use WebGL in headless mode (https://bugzil.la/1375585).
JavaScript warning: https://z.moatads.com/sheknowsdfp184953205893/moatad.js#moatClientLevel1=15403870&moatClientLevel2=2543335655&moatClientLevel3=5064405287&moatClientLevel4=138269856607&moatClientSlicer1=21802406579&moatClientSlicer2=21802522447&zMoatPLAT=desk&zMoatIV=true&zMoatST=babynamescom25953&zMoatSlot=frame2&zMoatSZ=728x90&zMoatPGN=&zMoatPT=-&zMoatINST=s1&zMoatLOC=sticky&zMoatMSafety=&zMoatMGV=&zMoatMMV=&zMoatMData=&zMoatTS=&zMoatBOOM=&zMoatRF=n&zMoatTC=, line 243: Error: WebGL warning: <SetDimensions>: Can't use WebGL in headless mode (https://bugzil.la/1375585).
JavaScript warning: https://z.moatads.com/sheknowsdfp184953205893/moatad.js#moatClientLevel1=15403870&moatClientLevel2=2543335655&moatClientLevel3=5064405287&moatClientLevel4=138269856607&moatClientSlicer1=21802406579&moatClientSlicer2=21802522447&zMoatPLAT=desk&zMoatIV=true&zMoatST=babynamescom25953&zMoatSlot=frame2&zMoatSZ=728x90&zMoatPGN=&zMoatPT=-&zMoatINST=s1&zMoatLOC=sticky&zMoatMSafety=&zMoatMGV=&zMoatMMV=&zMoatMData=&zMoatTS=&zMoatBOOM=&zMoatRF=n&zMoatTC=, line 243: Error: WebGL warning: <SetDimensions>: Failed to create WebGL context: WebGL creation failed: 
* Can't use WebGL in headless mode (https://bugzil.la/1375585).
JavaScript error: https://tagan.adlightning.com/sheknows/b-adeaab8.js, line 1: TypeError: window.top is null
JavaScript error: https://tagan.adlightning.com/sheknows/b-adeaab8.js, line 1: TypeError: window.top is null
JavaScript error: https://static.adsafeprotected.com/main.19.8.5.js, line 294: TypeError: d is undefined
JavaScript error: https://static.adsafeprotected.com/main.19.8.5.js, line 294: TypeError: d is undefined
1567262413819	mozrunner::runner	INFO	Running command: "C:\\Program Files\\Mozilla Firefox\\firefox.exe" "-marionette" "-headless" "-foreground" "-no-remote" "-profile" "C:\\Users\\rahmad\\AppData\\Local\\Temp\\rust_mozprofile.f2gpyV45eeSk"
*** You are running in headless mode.
console.error: JsonSchemaValidator.jsm: 
  Array expected but not received
console.error: Enterprise Policies: 
  Invalid parameters specified for Certificates.
1567262419779	addons.webextension.screenshots@mozilla.org	WARN	Loading extension 'screenshots@mozilla.org': Reading manifest: Invalid extension permission: mozillaAddons
1567262419779	addons.webextension.screenshots@mozilla.org	WARN	Loading extension 'screenshots@mozilla.org': Reading manifest: Invalid extension permission: resource://pdf.js/
1567262419780	addons.webextension.screenshots@mozilla.org	WARN	Loading extension 'screenshots@mozilla.org': Reading manifest: Invalid extension permission: about:reader*
1567262430003	Marionette	INFO	Listening on port 63989
1567262430592	Marionette	WARN	TLS certificate errors will be ignored for this session
JavaScript error: https://ajax.googleapis.com/ajax/libs/jquerymobile/1.4.5/jquery.mobile.min.js, line 4: TypeError: a.event.props is undefined
JavaScript error: https://www.babynames.com/boy-names, line 268: SyntaxError: illegal character
JavaScript error: https://www.babynames.com/boy-names, line 332: SyntaxError: illegal character
console.error: BroadcastService: 
  receivedBroadcastMessage: handler for
  remote-settings/monitor_changes
  threw error:
  Message: Error: Polling for changes failed: NetworkError when attempting to fetch resource..
  Stack:
    remoteSettingsFunction/remoteSettings.pollChanges@resource://services-settings/remote-settings.js:190:13

1567262590731	Marionette	WARN	TimedPromise timed out after 500 ms: stacktrace:
bail@chrome://marionette/content/sync.js:224:64
JavaScript error: https://ajax.googleapis.com/ajax/libs/jquerymobile/1.4.5/jquery.mobile.min.js, line 4: TypeError: a.event.props is undefined
JavaScript error: , line 0: InvalidStateError: An attempt was made to use an object that is not, or is no longer, usable
JavaScript error: https://www.babynames.com/Names/search.php, line 268: SyntaxError: illegal character
JavaScript error: https://www.babynames.com/Names/search.php, line 332: SyntaxError: illegal character
1567269521611	mozrunner::runner	INFO	Running command: "C:\\Program Files\\Mozilla Firefox\\firefox.exe" "-marionette" "-headless" "-foreground" "-no-remote" "-profile" "C:\\Users\\rahmad\\AppData\\Local\\Temp\\rust_mozprofile.UvV6G1IvvogI"
*** You are running in headless mode.
console.error: JsonSchemaValidator.jsm: 
  Array expected but not received
console.error: Enterprise Policies: 
  Invalid parameters specified for Certificates.
1567269526575	addons.webextension.screenshots@mozilla.org	WARN	Loading extension 'screenshots@mozilla.org': Reading manifest: Invalid extension permission: mozillaAddons
1567269526575	addons.webextension.screenshots@mozilla.org	WARN	Loading extension 'screenshots@mozilla.org': Reading manifest: Invalid extension permission: resource://pdf.js/
1567269526575	addons.webextension.screenshots@mozilla.org	WARN	Loading extension 'screenshots@mozilla.org': Reading manifest: Invalid extension permission: about:reader*
1567269535139	Marionette	INFO	Listening on port 51619
1567269535732	Marionette	WARN	TLS certificate errors will be ignored for this session
JavaScript error: https://ajax.googleapis.com/ajax/libs/jquerymobile/1.4.5/jquery.mobile.min.js, line 4: TypeError: a.event.props is undefined
JavaScript error: https://www.babynames.com/boy-names, line 268: SyntaxError: illegal character
JavaScript error: https://www.babynames.com/boy-names, line 332: SyntaxError: illegal character
console.error: BroadcastService: 
  receivedBroadcastMessage: handler for
  remote-settings/monitor_changes
  threw error:
  Message: Error: Polling for changes failed: NetworkError when attempting to fetch resource..
  Stack:
    remoteSettingsFunction/remoteSettings.pollChanges@resource://services-settings/remote-settings.js:190:13

[Parent 1336, Gecko_IOThread] WARNING: pipe error: 109: file z:/build/build/src/ipc/chromium/src/chrome/common/ipc_channel_win.cc, line 332
JavaScript warning: https://z.moatads.com/sheknowsdfp184953205893/moatad.js#moatClientLevel1=15403870&moatClientLevel2=483446470&moatClientLevel3=239328190&moatClientLevel4=138265408260&moatClientSlicer1=21802406579&moatClientSlicer2=21802522447&zMoatPLAT=desk&zMoatIV=true&zMoatST=babynamescom25953&zMoatSlot=frame2&zMoatSZ=728x90&zMoatPGN=&zMoatPT=-&zMoatINST=s1&zMoatLOC=sticky&zMoatMSafety=&zMoatMGV=&zMoatMMV=&zMoatMData=&zMoatTS=&zMoatBOOM=appnexus&zMoatRF=y&zMoatTC=, line 243: Error: WebGL warning: <SetDimensions>: Can't use WebGL in headless mode (https://bugzil.la/1375585).
JavaScript warning: https://z.moatads.com/sheknowsdfp184953205893/moatad.js#moatClientLevel1=15403870&moatClientLevel2=483446470&moatClientLevel3=239328190&moatClientLevel4=138265408260&moatClientSlicer1=21802406579&moatClientSlicer2=21802522447&zMoatPLAT=desk&zMoatIV=true&zMoatST=babynamescom25953&zMoatSlot=frame2&zMoatSZ=728x90&zMoatPGN=&zMoatPT=-&zMoatINST=s1&zMoatLOC=sticky&zMoatMSafety=&zMoatMGV=&zMoatMMV=&zMoatMData=&zMoatTS=&zMoatBOOM=appnexus&zMoatRF=y&zMoatTC=, line 243: Error: WebGL warning: <SetDimensions>: Failed to create WebGL context: WebGL creation failed: 
* Can't use WebGL in headless mode (https://bugzil.la/1375585).
JavaScript warning: https://z.moatads.com/sheknowsdfp184953205893/moatad.js#moatClientLevel1=15403870&moatClientLevel2=483446470&moatClientLevel3=239328190&moatClientLevel4=138265408260&moatClientSlicer1=21802406579&moatClientSlicer2=21802522447&zMoatPLAT=desk&zMoatIV=true&zMoatST=babynamescom25953&zMoatSlot=frame2&zMoatSZ=728x90&zMoatPGN=&zMoatPT=-&zMoatINST=s1&zMoatLOC=sticky&zMoatMSafety=&zMoatMGV=&zMoatMMV=&zMoatMData=&zMoatTS=&zMoatBOOM=appnexus&zMoatRF=y&zMoatTC=, line 243: Error: WebGL warning: <SetDimensions>: Can't use WebGL in headless mode (https://bugzil.la/1375585).
JavaScript warning: https://z.moatads.com/sheknowsdfp184953205893/moatad.js#moatClientLevel1=15403870&moatClientLevel2=483446470&moatClientLevel3=239328190&moatClientLevel4=138265408260&moatClientSlicer1=21802406579&moatClientSlicer2=21802522447&zMoatPLAT=desk&zMoatIV=true&zMoatST=babynamescom25953&zMoatSlot=frame2&zMoatSZ=728x90&zMoatPGN=&zMoatPT=-&zMoatINST=s1&zMoatLOC=sticky&zMoatMSafety=&zMoatMGV=&zMoatMMV=&zMoatMData=&zMoatTS=&zMoatBOOM=appnexus&zMoatRF=y&zMoatTC=, line 243: Error: WebGL warning: <SetDimensions>: Failed to create WebGL context: WebGL creation failed: 
* Can't use WebGL in headless mode (https://bugzil.la/1375585).
JavaScript error: https://static.adsafeprotected.com/main.19.8.5.js, line 294: TypeError: d is undefined
JavaScript error: https://static.adsafeprotected.com/main.19.8.5.js, line 294: TypeError: d is undefined
JavaScript error: https://static.adsafeprotected.com/main.19.8.5.js, line 294: TypeError: d is undefined
JavaScript error: https://static.adsafeprotected.com/main.19.8.5.js, line 294: TypeError: d is undefined
JavaScript error: https://static.adsafeprotected.com/main.19.8.5.js, line 294: TypeError: d is undefined
JavaScript error: https://static.adsafeprotected.com/main.19.8.5.js, line 294: TypeError: d is undefined
JavaScript error: https://static.adsafeprotected.com/main.19.8.5.js, line 294: TypeError: d is undefined
JavaScript error: https://static.adsafeprotected.com/main.19.8.5.js, line 294: TypeError: d is undefined
JavaScript error: https://static.adsafeprotected.com/main.19.8.5.js, line 294: TypeError: d is undefined

###!!! [Parent][MessageChannel] Error: (msgtype=0x1E0098,name=PBrowser::Msg_UpdateNativeWindowHandle) Channel error: cannot send/recv


###!!! [Parent][MessageChannel] Error: (msgtype=0x1E0087,name=PBrowser::Msg_Destroy) Channel error: cannot send/recv

A content process crashed and MOZ_CRASHREPORTER_SHUTDOWN is set, shutting down
[Parent 1336, Gecko_IOThread] WARNING: file z:/build/build/src/ipc/chromium/src/base/process_util_win.cc, line 166
[Parent 1336, Gecko_IOThread] WARNING: pipe error: 109: file z:/build/build/src/ipc/chromium/src/chrome/common/ipc_channel_win.cc, line 332
[Child 6100, Chrome_ChildThread] WARNING: pipe error: 109: file z:/build/build/src/ipc/chromium/src/chrome/common/ipc_channel_win.cc, line 332
1567271995912	Marionette	INFO	Stopped listening on port 51619
vedBroadcastMessage: handler for
  remote-settings/monitor_changes
  threw error:
  Message: Error: Polling for changes failed: NetworkError when attempting to fetch resource..
  Stack:
    remoteSettingsFunction/remoteSettings.pollChanges@resource://services-settings/remote-settings.js:190:13

JavaScript error: https://ajax.googleapis.com/ajax/libs/jquerymobile/1.4.5/jquery.mobile.min.js, line 4: TypeError: a.event.props is undefined
JavaScript error: https://www.babynames.com/boy-names, line 268: SyntaxError: illegal character
JavaScript error: https://www.babynames.com/boy-names, line 332: SyntaxError: illegal character
JavaScript warning: https://z.moatads.com/sheknowsdfp184953205893/moatad.js#moatClientLevel1=15403870&moatClientLevel2=2543335655&moatClientLevel3=5064405287&moatClientLevel4=138269851633&moatClientSlicer1=21802406579&moatClientSlicer2=21802522447&zMoatPLAT=desk&zMoatIV=true&zMoatST=babynamescom25953&zMoatSlot=ban&zMoatSZ=728x90&zMoatPGN=&zMoatPT=-&zMoatINST=1&zMoatLOC=1&zMoatMSafety=&zMoatMGV=&zMoatMMV=&zMoatMData=&zMoatTS=&zMoatBOOM=&zMoatRF=y&zMoatTC=, line 243: Error: WebGL warning: <SetDimensions>: Can't use WebGL in headless mode (https://bugzil.la/1375585).
JavaScript warning: https://z.moatads.com/sheknowsdfp184953205893/moatad.js#moatClientLevel1=15403870&moatClientLevel2=2543335655&moatClientLevel3=5064405287&moatClientLevel4=138269851633&moatClientSlicer1=21802406579&moatClientSlicer2=21802522447&zMoatPLAT=desk&zMoatIV=true&zMoatST=babynamescom25953&zMoatSlot=ban&zMoatSZ=728x90&zMoatPGN=&zMoatPT=-&zMoatINST=1&zMoatLOC=1&zMoatMSafety=&zMoatMGV=&zMoatMMV=&zMoatMData=&zMoatTS=&zMoatBOOM=&zMoatRF=y&zMoatTC=, line 243: Error: WebGL warning: <SetDimensions>: Failed to create WebGL context: WebGL creation failed: 
* Can't use WebGL in headless mode (https://bugzil.la/1375585).
JavaScript warning: https://z.moatads.com/sheknowsdfp184953205893/moatad.js#moatClientLevel1=15403870&moatClientLevel2=2543335655&moatClientLevel3=5064405287&moatClientLevel4=138269851633&moatClientSlicer1=21802406579&moatClientSlicer2=21802522447&zMoatPLAT=desk&zMoatIV=true&zMoatST=babynamescom25953&zMoatSlot=ban&zMoatSZ=728x90&zMoatPGN=&zMoatPT=-&zMoatINST=1&zMoatLOC=1&zMoatMSafety=&zMoatMGV=&zMoatMMV=&zMoatMData=&zMoatTS=&zMoatBOOM=&zMoatRF=y&zMoatTC=, line 243: Error: WebGL warning: <SetDimensions>: Can't use WebGL in headless mode (https://bugzil.la/1375585).
JavaScript warning: https://z.moatads.com/sheknowsdfp184953205893/moatad.js#moatClientLevel1=15403870&moatClientLevel2=2543335655&moatClientLevel3=5064405287&moatClientLevel4=138269851633&moatClientSlicer1=21802406579&moatClientSlicer2=21802522447&zMoatPLAT=desk&zMoatIV=true&zMoatST=babynamescom25953&zMoatSlot=ban&zMoatSZ=728x90&zMoatPGN=&zMoatPT=-&zMoatINST=1&zMoatLOC=1&zMoatMSafety=&zMoatMGV=&zMoatMMV=&zMoatMData=&zMoatTS=&zMoatBOOM=&zMoatRF=y&zMoatTC=, line 243: Error: WebGL warning: <SetDimensions>: Failed to create WebGL context: WebGL creation failed: 
* Can't use WebGL in headless mode (https://bugzil.la/1375585).
JavaScript error: https://tagan.adlightning.com/sheknows/b-adeaab8.js, line 1: TypeError: window.top is null
JavaScript error: https://tagan.adlightning.com/sheknows/b-adeaab8.js, line 1: TypeError: window.top is null
JavaScript error: https://tagan.adlightning.com/sheknows/b-adeaab8.js, line 1: TypeError: window.top is null
JavaScript error: https://tagan.adlightning.com/sheknows/b-adeaab8.js, line 1: TypeError: window.top is null
JavaScript error: https://tagan.adlightning.com/sheknows/b-adeaab8.js, line 1: TypeError: window.top is null
JavaScript error: https://tagan.adlightning.com/sheknows/b-adeaab8.js, line 1: TypeError: window.top is null
1567270505116	Marionette	WARN	TimedPromise timed out after 500 ms: stacktrace:
bail@chrome://marionette/content/sync.js:224:64
JavaScript error: https://ajax.googleapis.com/ajax/libs/jquerymobile/1.4.5/jquery.mobile.min.js, line 4: TypeError: a.event.props is undefined
JavaScript error: https://www.babynames.com/Names/search.php, line 268: SyntaxError: illegal character
JavaScript error: https://www.babynames.com/Names/search.php, line 332: SyntaxError: illegal character
JavaScript error: https://static.adsafeprotected.com/main.19.8.5.js, line 294: TypeError: d is undefined
JavaScript error: https://static.adsafeprotected.com/main.19.8.5.js, line 294: TypeError: d is undefined
1567270965530	Marionette	INFO	Stopped listening on port 52816
A content process crashed and MOZ_CRASHREPORTER_SHUTDOWN is set, shutting down

###!!! [Parent][RunMessage] Error: Channel error: cannot send/recv


###!!! [Parent][RunMessage] Error: Channel error: cannot send/recv


###!!! [Parent][RunMessage] Error: Channel error: cannot send/recv


###!!! [Parent][RunMessage] Error: Channel error: cannot send/recv


###!!! [Parent][RunMessage] Error: Channel error: cannot send/recv


###!!! [Parent][RunMessage] Error: Channel error: cannot send/recv


###!!! [Parent][RunMessage] Error: Channel error: cannot send/recv


###!!! [Parent][RunMessage] Error: Channel error: cannot send/recv


###!!! [Parent][RunMessage] Error: Channel error: cannot send/recv


###!!! [Parent][RunMessage] Error: Channel error: cannot send/recv


###!!! [Parent][RunMessage] Error: Channel error: cannot send/recv


###!!! [Parent][RunMessage] Error: Channel error: cannot send/recv


###!!! [Parent][RunMessage] Error: Channel error: cannot send/recv


###!!! [Parent][RunMessage] Error: Channel error: cannot send/recv


###!!! [Parent][RunMessage] Error: Channel error: cannot send/recv


###!!! [Parent][RunMessage] Error: Channel error: cannot send/recv


###!!! [Parent][RunMessage] Error: Channel error: cannot send/recv


###!!! [Parent][RunMessage] Error: Channel error: cannot send/recv


###!!! [Parent][RunMessage] Error: Channel error: cannot send/recv


###!!! [Parent][RunMessage] Error: Channel error: cannot send/recv


###!!! [Parent][RunMessage] Error: Channel error: cannot send/recv


###!!! [Parent][RunMessage] Error: Channel error: cannot send/recv


###!!! [Parent][RunMessage] Error: Channel error: cannot send/recv


###!!! [Parent][RunMessage] Error: Channel error: cannot send/recv


###!!! [Parent][RunMessage] Error: Channel error: cannot send/recv


###!!! [Parent][RunMessage] Error: Channel error: cannot send/recv


###!!! [Parent][RunMessage] Error: Channel error: cannot send/recv


###!!! [Parent][RunMessage] Error: Channel error: cannot send/recv


###!!! [Parent][RunMessage] Error: Channel error: cannot send/recv


###!!! [Parent][RunMessage] Error: Channel error: cannot send/recv


###!!! [Parent][RunMessage] Error: Channel error: cannot send/recv


###!!! [Parent][RunMessage] Error: Channel error: cannot send/recv


###!!! [Parent][RunMessage] Error: Channel error: cannot send/recv


###!!! [Parent][RunMessage] Error: Channel error: cannot send/recv


###!!! [Parent][RunMessage] Error: Channel error: cannot send/recv


###!!! [Parent][RunMessage] Error: Channel error: cannot send/recv


###!!! [Parent][RunMessage] Error: Channel error: cannot send/recv


###!!! [Parent][RunMessage] Error: Channel error: cannot send/recv


###!!! [Parent][RunMessage] Error: Channel error: cannot send/recv


###!!! [Parent][RunMessage] Error: Channel error: cannot send/recv


###!!! [Parent][RunMessage] Error: Channel error: cannot send/recv


###!!! [Parent][RunMessage] Error: Channel error: cannot send/recv


###!!! [Parent][RunMessage] Error: Channel error: cannot send/recv


###!!! [Parent][RunMessage] Error: Channel error: cannot send/recv


###!!! [Parent][RunMessage] Error: Channel error: cannot send/recv


###!!! [Parent][RunMessage] Error: Channel error: cannot send/recv


###!!! [Parent][RunMessage] Error: Channel error: cannot send/recv


###!!! [Parent][RunMessage] Error: Channel error: cannot send/recv


###!!! [Parent][RunMessage] Error: Channel error: cannot send/recv


###!!! [Parent][RunMessage] Error: Channel error: cannot send/recv


###!!! [Parent][RunMessage] Error: Channel error: cannot send/recv


###!!! [Parent][RunMessage] Error: Channel error: cannot send/recv


###!!! [Parent][RunMessage] Error: Channel error: cannot send/recv


###!!! [Parent][RunMessage] Error: Channel error: cannot send/recv


###!!! [Parent][RunMessage] Error: Channel error: cannot send/recv


###!!! [Parent][RunMessage] Error: Channel error: cannot send/recv


###!!! [Parent][RunMessage] Error: Channel error: cannot send/recv


###!!! [Parent][RunMessage] Error: Channel error: cannot send/recv


###!!! [Parent][RunMessage] Error: Channel error: cannot send/recv


###!!! [Parent][RunMessage] Error: Channel error: cannot send/recv


###!!! [Parent][RunMessage] Error: Channel error: cannot send/recv


###!!! [Parent][RunMessage] Error: Channel error: cannot send/recv


###!!! [Parent][RunMessage] Error: Channel error: cannot send/recv


###!!! [Parent][RunMessage] Error: Channel error: cannot send/recv


###!!! [Parent][RunMessage] Error: Channel error: cannot send/recv


###!!! [Parent][RunMessage] Error: Channel error: cannot send/recv


###!!! [Parent][RunMessage] Error: Channel error: cannot send/recv


###!!! [Parent][RunMessage] Error: Channel error: cannot send/recv


###!!! [Parent][RunMessage] Error: Channel error: cannot send/recv


###!!! [Parent][RunMessage] Error: Channel error: cannot send/recv


###!!! [Parent][RunMessage] Error: Channel error: cannot send/recv


###!!! [Parent][RunMessage] Error: Channel error: cannot send/recv


###!!! [Parent][RunMessage] Error: Channel error: cannot send/recv


###!!! [Parent][RunMessage] Error: Channel error: cannot send/recv


###!!! [Parent][RunMessage] Error: Channel error: cannot send/recv


###!!! [Parent][RunMessage] Error: Channel error: cannot send/recv


###!!! [Parent][RunMessage] Error: Channel error: cannot send/recv


###!!! [Parent][RunMessage] Error: Channel error: cannot send/recv


###!!! [Parent][RunMessage] Error: Channel error: cannot send/recv


###!!! [Parent][RunMessage] Error: Channel error: cannot send/recv


###!!! [Parent][RunMessage] Error: Channel error: cannot send/recv


###!!! [Parent][RunMessage] Error: Channel error: cannot send/recv


###!!! [Parent][RunMessage] Error: Channel error: cannot send/recv


###!!! [Parent][RunMessage] Error: Channel error: cannot send/recv


###!!! [Parent][RunMessage] Error: Channel error: cannot send/recv


###!!! [Parent][RunMessage] Error: Channel error: cannot send/recv


###!!! [Parent][RunMessage] Error: Channel error: cannot send/recv


###!!! [Parent][RunMessage] Error: Channel error: cannot send/recv


###!!! [Parent][RunMessage] Error: Channel error: cannot send/recv


###!!! [Parent][RunMessage] Error: Channel error: cannot send/recv


###!!! [Parent][RunMessage] Error: Channel error: cannot send/recv


###!!! [Parent][RunMessage] Error: Channel error: cannot send/recv


###!!! [Parent][RunMessage] Error: Channel error: cannot send/recv


###!!! [Parent][RunMessage] Error: Channel error: cannot send/recv


###!!! [Parent][RunMessage] Error: Channel error: cannot send/recv


###!!! [Parent][RunMessage] Error: Channel error: cannot send/recv


###!!! [Parent][RunMessage] Error: Channel error: cannot send/recv


###!!! [Parent][RunMessage] Error: Channel error: cannot send/recv


###!!! [Parent][RunMessage] Error: Channel error: cannot send/recv


###!!! [Parent][RunMessage] Error: Channel error: cannot send/recv


###!!! [Parent][RunMessage] Error: Channel error: cannot send/recv


###!!! [Parent][RunMessage] Error: Channel error: cannot send/recv


###!!! [Parent][RunMessage] Error: Channel error: cannot send/recv


###!!! [Parent][RunMessage] Error: Channel error: cannot send/recv


###!!! [Parent][RunMessage] Error: Channel error: cannot send/recv


###!!! [Parent][RunMessage] Error: Channel error: cannot send/recv


###!!! [Parent][RunMessage] Error: Channel error: cannot send/recv


###!!! [Parent][RunMessage] Error: Channel error: cannot send/recv


###!!! [Parent][RunMessage] Error: Channel error: cannot send/recv


###!!! [Parent][RunMessage] Error: Channel error: cannot send/recv


###!!! [Parent][RunMessage] Error: Channel error: cannot send/recv


###!!! [Parent][RunMessage] Error: Channel error: cannot send/recv


###!!! [Parent][RunMessage] Error: Channel error: cannot send/recv


###!!! [Parent][RunMessage] Error: Channel error: cannot send/recv


###!!! [Parent][RunMessage] Error: Channel error: cannot send/recv


###!!! [Parent][RunMessage] Error: Channel error: cannot send/recv


###!!! [Parent][RunMessage] Error: Channel error: cannot send/recv


###!!! [Parent][RunMessage] Error: Channel error: cannot send/recv


###!!! [Parent][RunMessage] Error: Channel error: cannot send/recv


###!!! [Parent][RunMessage] Error: Channel error: cannot send/recv


###!!! [Parent][RunMessage] Error: Channel error: cannot send/recv


###!!! [Parent][RunMessage] Error: Channel error: cannot send/recv


###!!! [Parent][RunMessage] Error: Channel error: cannot send/recv


###!!! [Parent][RunMessage] Error: Channel error: cannot send/recv


###!!! [Parent][RunMessage] Error: Channel error: cannot send/recv


###!!! [Parent][RunMessage] Error: Channel error: cannot send/recv


###!!! [Parent][RunMessage] Error: Channel error: cannot send/recv


###!!! [Parent][RunMessage] Error: Channel error: cannot send/recv


###!!! [Parent][RunMessage] Error: Channel error: cannot send/recv


###!!! [Parent][RunMessage] Error: Channel error: cannot send/recv


###!!! [Parent][RunMessage] Error: Channel error: cannot send/recv


###!!! [Parent][RunMessage] Error: Channel error: cannot send/recv


###!!! [Parent][RunMessage] Error: Channel error: cannot send/recv


###!!! [Parent][RunMessage] Error: Channel error: cannot send/recv


###!!! [Parent][RunMessage] Error: Channel error: cannot send/recv


###!!! [Parent][RunMessage] Error: Channel error: cannot send/recv


###!!! [Parent][RunMessage] Error: Channel error: cannot send/recv


###!!! [Parent][RunMessage] Error: Channel error: cannot send/recv


###!!! [Parent][RunMessage] Error: Channel error: cannot send/recv


###!!! [Parent][RunMessage] Error: Channel error: cannot send/recv


###!!! [Parent][RunMessage] Error: Channel error: cannot send/recv


###!!! [Parent][RunMessage] Error: Channel error: cannot send/recv


###!!! [Parent][RunMessage] Error: Channel error: cannot send/recv


###!!! [Parent][RunMessage] Error: Channel error: cannot send/recv


###!!! [Parent][RunMessage] Error: Channel error: cannot send/recv


###!!! [Parent][RunMessage] Error: Channel error: cannot send/recv


###!!! [Parent][RunMessage] Error: Channel error: cannot send/recv


###!!! [Parent][RunMessage] Error: Channel error: cannot send/recv


###!!! [Parent][RunMessage] Error: Channel error: cannot send/recv


###!!! [Parent][RunMessage] Error: Channel error: cannot send/recv


###!!! [Parent][RunMessage] Error: Channel error: cannot send/recv


###!!! [Parent][RunMessage] Error: Channel error: cannot send/recv


###!!! [Parent][RunMessage] Error: Channel error: cannot send/recv


###!!! [Parent][RunMessage] Error: Channel error: cannot send/recv


###!!! [Parent][RunMessage] Error: Channel error: cannot send/recv


###!!! [Parent][RunMessage] Error: Channel error: cannot send/recv


###!!! [Parent][RunMessage] Error: Channel error: cannot send/recv


###!!! [Parent][RunMessage] Error: Channel error: cannot send/recv


###!!! [Parent][RunMessage] Error: Channel error: cannot send/recv


###!!! [Parent][RunMessage] Error: Channel error: cannot send/recv


###!!! [Parent][RunMessage] Error: Channel error: cannot send/recv


###!!! [Parent][RunMessage] Error: Channel error: cannot send/recv


###!!! [Parent][RunMessage] Error: Channel error: cannot send/recv


###!!! [Parent][RunMessage] Error: Channel error: cannot send/recv


###!!! [Parent][RunMessage] Error: Channel error: cannot send/recv


###!!! [Parent][RunMessage] Error: Channel error: cannot send/recv


###!!! [Parent][RunMessage] Error: Channel error: cannot send/recv


###!!! [Parent][RunMessage] Error: Channel error: cannot send/recv


###!!! [Parent][RunMessage] Error: Channel error: cannot send/recv


###!!! [Parent][RunMessage] Error: Channel error: cannot send/recv


###!!! [Parent][RunMessage] Error: Channel error: cannot send/recv


###!!! [Parent][RunMessage] Error: Channel error: cannot send/recv


###!!! [Parent][RunMessage] Error: Channel error: cannot send/recv


###!!! [Parent][RunMessage] Error: Channel error: cannot send/recv


###!!! [Parent][RunMessage] Error: Channel error: cannot send/recv


###!!! [Parent][RunMessage] Error: Channel error: cannot send/recv


###!!! [Parent][RunMessage] Error: Channel error: cannot send/recv

JavaScript error: resource:///modules/sessionstore/SessionStore.jsm, line 1643: TypeError: subject.QueryInterface is not a function
A content process crashed and MOZ_CRASHREPORTER_SHUTDOWN is set, shutting down
[Parent 6004, Gecko_IOThread] WARNING: pipe error: 109: file z:/build/build/src/ipc/chromium/src/chrome/common/ipc_channel_win.cc, line 332
[Child 1648, Chrome_ChildThread] WARNING: pipe error: 109: file z:/build/build/src/ipc/chromium/src/chrome/common/ipc_channel_win.cc, line 332
JavaScript error: resource://gre/modules/TelemetryController.jsm, line 461: Error: submitExternalPing - Submission is not allowed after shutdown, discarding ping of type: modules
1567271402944	mozrunner::runner	INFO	Running command: "C:\\Program Files\\Mozilla Firefox\\firefox.exe" "-marionette" "-foreground" "-no-remote" "-profile" "C:\\Users\\rahmad\\AppData\\Local\\Temp\\rust_mozprofile.MESr9FSmbBbh"
console.error: JsonSchemaValidator.jsm: 
  Array expected but not received
console.error: Enterprise Policies: 
  Invalid parameters specified for Certificates.
1567271407700	addons.webextension.screenshots@mozilla.org	WARN	Loading extension 'screenshots@mozilla.org': Reading manifest: Invalid extension permission: mozillaAddons
1567271407700	addons.webextension.screenshots@mozilla.org	WARN	Loading extension 'screenshots@mozilla.org': Reading manifest: Invalid extension permission: resource://pdf.js/
1567271407700	addons.webextension.screenshots@mozilla.org	WARN	Loading extension 'screenshots@mozilla.org': Reading manifest: Invalid extension permission: about:reader*
1567271442501	Marionette	INFO	Listening on port 54608
[Parent 1332, Gecko_IOThread] WARNING: pipe error: 109: file z:/build/build/src/ipc/chromium/src/chrome/common/ipc_channel_win.cc, line 332
[Child 3428, Chrome_ChildThread] WARNING: pipe error: 109: file z:/build/build/src/ipc/chromium/src/chrome/common/ipc_channel_win.cc, line 332
[Parent 1332, Gecko_IOThread] WARNING: file z:/build/build/src/ipc/chromium/src/base/process_util_win.cc, line 166
1567271442940	Marionette	WARN	TLS certificate errors will be ignored for this session
JavaScript error: https://ajax.googleapis.com/ajax/libs/jquerymobile/1.4.5/jquery.mobile.min.js, line 4: TypeError: a.event.props is undefined
JavaScript error: https://www.babynames.com/boy-names, line 268: SyntaxError: illegal character
JavaScript error: https://www.babynames.com/boy-names, line 332: SyntaxError: illegal character
console.error: BroadcastService: 
  receivedBroadcastMessage: handler for
  remote-settings/monitor_changes
  threw error:
  Message: Error: Polling for changes failed: NetworkError when attempting to fetch resource..
  Stack:
    remoteSettingsFunction/remoteSettings.pollChanges@resource://services-settings/remote-settings.js:190:13

JavaScript error: https://static.adsafeprotected.com/main.19.8.5.js, line 117: NS_ERROR_NOT_INITIALIZED: 
JavaScript error: https://static.adsafeprotected.com/main.19.8.5.js, line 117: NS_ERROR_NOT_INITIALIZED: 
JavaScript error: https://static.adsafeprotected.com/main.19.8.5.js, line 117: NS_ERROR_NOT_INITIALIZED: 
[Parent 1332, Gecko_IOThread] WARNING: pipe error: 109: file z:/build/build/src/ipc/chromium/src/chrome/common/ipc_channel_win.cc, line 332
[Parent 1332, Gecko_IOThread] WARNING: pipe error: 232: file z:/build/build/src/ipc/chromium/src/chrome/common/ipc_channel_win.cc, line 493
[Parent 1332, Gecko_IOThread] WARNING: pipe error: 232: file z:/build/build/src/ipc/chromium/src/chrome/common/ipc_channel_win.cc, line 493
A content process crashed and MOZ_CRASHREPORTER_SHUTDOWN is set, shutting down
A content process crashed and MOZ_CRASHREPORTER_SHUTDOWN is set, shutting down
1567271978019	Marionette	INFO	Stopped listening on port 54608
JavaScript error: resource:///modules/sessionstore/SessionSaver.jsm, line 179: NS_ERROR_FAILURE: Component returned failure code: 0x80004005 (NS_ERROR_FAILURE) [nsIAppShellService.hiddenDOMWindow]

###!!! [Child][MessageChannel::SendAndWait] Error: Channel error: cannot send/recv

1567286177087	mozrunner::runner	INFO	Running command: "C:\\Program Files\\Mozilla Firefox\\firefox.exe" "-marionette" "-foreground" "-no-remote" "-profile" "C:\\Users\\rahmad\\AppData\\Local\\Temp\\rust_mozprofile.b3CDRzI15VJG"
console.error: JsonSchemaValidator.jsm: 
  Array expected but not received
console.error: Enterprise Policies: 
  Invalid parameters specified for Certificates.
1567286180723	addons.webextension.screenshots@mozilla.org	WARN	Loading extension 'screenshots@mozilla.org': Reading manifest: Invalid extension permission: mozillaAddons
1567286180724	addons.webextension.screenshots@mozilla.org	WARN	Loading extension 'screenshots@mozilla.org': Reading manifest: Invalid extension permission: resource://pdf.js/
1567286180724	addons.webextension.screenshots@mozilla.org	WARN	Loading extension 'screenshots@mozilla.org': Reading manifest: Invalid extension permission: about:reader*
1567286187335	Marionette	INFO	Listening on port 49324
1567286187651	Marionette	WARN	TLS certificate errors will be ignored for this session
1567286282308	Marionette	INFO	Stopped listening on port 49324
[Parent 4252, Gecko_IOThread] WARNING: pipe error: 109: file z:/build/build/src/ipc/chromium/src/chrome/common/ipc_channel_win.cc, line 332
[Parent 4252, Gecko_IOThread] WARNING: pipe error: 109: file z:/build/build/src/ipc/chromium/src/chrome/common/ipc_channel_win.cc, line 332
[Child 2640, Chrome_ChildThread] WARNING: pipe error: 109: file z:/build/build/src/ipc/chromium/src/chrome/common/ipc_channel_win.cc, line 332
[Parent 4252, Gecko_IOThread] WARNING: file z:/build/build/src/ipc/chromium/src/base/process_util_win.cc, line 166
[Child 712, Chrome_ChildThread] WARNING: pipe error: 109: file z:/build/build/src/ipc/chromium/src/chrome/common/ipc_channel_win.cc, line 332
[Child 712, Chrome_ChildThread] WARNING: pipe error: 109: file z:/build/build/src/ipc/chromium/src/chrome/common/ipc_channel_win.cc, line 332
[Parent 4252, Gecko_IOThread] WARNING: pipe error: 109: file z:/build/build/src/ipc/chromium/src/chrome/common/ipc_channel_win.cc, line 332
[Child 1548, Chrome_ChildThread] WARNING: pipe error: 109: file z:/build/build/src/ipc/chromium/src/chrome/common/ipc_channel_win.cc, line 332
[
###!!! [Parent][RunMessage] Error: Channel closing: too late to send/recv, messages will be lost

1567286342596	mozrunner::runner	INFO	Running command: "C:\\Program Files\\Mozilla Firefox\\firefox.exe" "-marionette" "-headless" "-foreground" "-no-remote" "-profile" "C:\\Users\\rahmad\\AppData\\Local\\Temp\\rust_mozprofile.ezOO1G6jDryO"
*** You are running in headless mode.
console.error: JsonSchemaValidator.jsm: 
  Array expected but not received
console.error: Enterprise Policies: 
  Invalid parameters specified for Certificates.
1567286343248	addons.webextension.screenshots@mozilla.org	WARN	Loading extension 'screenshots@mozilla.org': Reading manifest: Invalid extension permission: mozillaAddons
1567286343248	addons.webextension.screenshots@mozilla.org	WARN	Loading extension 'screenshots@mozilla.org': Reading manifest: Invalid extension permission: resource://pdf.js/
1567286343248	addons.webextension.screenshots@mozilla.org	WARN	Loading extension 'screenshots@mozilla.org': Reading manifest: Invalid extension permission: about:reader*
1567286346336	Marionette	INFO	Listening on port 49372
1567286346835	Marionette	WARN	TLS certificate errors will be ignored for this session
JavaScript error: https://ajax.googleapis.com/ajax/libs/jquerymobile/1.4.5/jquery.mobile.min.js, line 4: TypeError: a.event.props is undefined
JavaScript error: https://www.babynames.com/boy-names, line 268: SyntaxError: illegal character
JavaScript error: https://www.babynames.com/boy-names, line 332: SyntaxError: illegal character
1567286361750	Marionette	INFO	Stopped listening on port 49372
[Parent 2936, Gecko_IOThread] WARNING: pipe error: 109: file z:/build/build/src/ipc/chromium/src/chrome/common/ipc_channel_win.cc, line 332
[Child 1384, Chrome_ChildThread] WARNING: pipe error: 109: file z:/build/build/src/ipc/chromium/src/chrome/common/ipc_channel_win.cc, line 332
JavaScript error: resource://gre/modules/WebProgressChild.jsm, line 61: TypeError: this.mm.content is null
JavaScript error: , line 0: InvalidStateError: An attempt was made to use an object that is not, or is no longer, usable
[Parent 2936, Gecko_IOThread] WARNING: pipe error: 109: file z:/build/build/src/ipc/chromium/src/chrome/common/ipc_channel_win.cc, line 332
[Child 2064, Chrome_ChildThread] WARNING: pipe error: 109: file z:/build/build/src/ipc/chromium/src/chrome/common/ipc_channel_win.cc, line 332
[Child 2064, Chrome_ChildThread] WARNING: pipe error: 109[Parent 2936, Gecko_IOThread] WARNING: pipe error: 109: file z:/build/build/src/ipc/chromium/src/chrome/common/ipc_channel_win.cc, line 332
[Child 3132, Chrome_ChildThread] WARNING: pipe error: 109: file z:/build/build/src/ipc/chromium/src/chrome/common/ipc_channel_win.cc, line 332
[Child 3132, Chrome_ChildThread] WARNING: pipe error: 109: file z:/build/build/src/ipc/chromium/src/chrome/common/ipc_channel_win.cc, line 332
[Parent 2936, Gecko_IOThread] WARNING: file z:/build/build/src/ipc/chromium/src/base/process_util_win.cc, line 166
1567286449845	mozrunner::runner	INFO	Running command: "C:\\Program Files\\Mozilla Firefox\\firefox.exe" "-marionette" "-headless" "-foreground" "-no-remote" "-profile" "C:\\Users\\rahmad\\AppData\\Local\\Temp\\rust_mozprofile.TpljLgC1SzHF"
*** You are running in headless mode.
console.error: JsonSchemaValidator.jsm: 
  Array expected but not received
console.error: Enterprise Policies: 
  Invalid parameters specified for Certificates.
1567286450734	addons.webextension.screenshots@mozilla.org	WARN	Loading extension 'screenshots@mozilla.org': Reading manifest: Invalid extension permission: mozillaAddons
1567286450735	addons.webextension.screenshots@mozilla.org	WARN	Loading extension 'screenshots@mozilla.org': Reading manifest: Invalid extension permission: resource://pdf.js/
1567286450735	addons.webextension.screenshots@mozilla.org	WARN	Loading extension 'screenshots@mozilla.org': Reading manifest: Invalid extension permission: about:reader*
1567286453768	Marionette	INFO	Listening on port 49605
1567286454224	Marionette	WARN	TLS certificate errors will be ignored for this session
JavaScript error: https://ajax.googleapis.com/ajax/libs/jquerymobile/1.4.5/jquery.mobile.min.js, line 4: TypeError: a.event.props is undefined
JavaScript error: https://www.babynames.com/boy-names, line 268: SyntaxError: illegal character
JavaScript error: https://www.babynames.com/boy-names, line 332: SyntaxError: illegal character
JavaScript error: https://static.adsafeprotected.com/main.19.8.5.js, line 294: TypeError: d is undefined
JavaScript error: https://static.adsafeprotected.com/main.19.8.5.js, line 294: TypeError: d is undefined
1567286469501	Marionette	INFO	Stopped listening on port 49605
[Parent 3844, Gecko_IOThread] WARNING: pipe error: 109: file z:/build/build/src/ipc/chromium/src/chrome/common/ipc_channel_win.cc, line 332
[Child 4872, Chrome_ChildThread] WARNING: pipe error: 109: file z:/build/build/src/ipc/chromium/src/chrome/common/ipc_channel_win.cc, line 332
JavaScript error: resource://gre/modules/WebProgressChild.jsm, line 61: TypeError: this.mm.content is null
[Parent 3844, Gecko_IOThread] WARNING: pipe error: 109: file z:/build/build/src/ipc/chromium/src/chrome/common/ipc_channel_win.cc, line 332
JavaScript error: , line 0: InvalidStateError: An attempt was made to use an object that is not, or is no longer, usable

###!!! [Child][RunMessage] Error: Channel error: cannot send/recv


###!!! [Child][RunMessage] Error: Channel error: cannot send/recv


###!!! [Child][RunMessage] Error: Channel error: cannot send/recv


###!!! [Child][RunMessage] Error: Channel error: cannot send/recv


###!!! [Child][RunMessage] Error: Channel error: cannot send/recv


###!!! [Child][RunMessage] Error: Channel error: cannot send/recv


###!!! [Child][RunMessage] Error: Channel error: cannot send/recv


###!!! [Child][RunMessage] Error: Channel error: cannot send/recv


###!!! [Child][RunMessage] Error: Channel error: cannot send/recv


###!!! [Child][RunMessage] Error: Channel error: cannot send/recv


###!!! [Child][RunMessage] Error: Channel error: cannot send/recv


###!!! [Child][RunMessage] Error: Channel error: cannot send/recv


###!!! [Child][RunMessage] Error: Channel error: cannot send/recv


###!!! [Child][RunMessage] Error: Channel error: cannot send/recv


###!!! [Child][RunMessage] Error: Channel error: cannot send/recv


###!!! [Child][RunMessage] Error: Channel error: cannot send/recv


###!!! [Child][RunMessage] Error: Channel error: cannot send/recv


###!!! [Child][RunMessage] Error: Channel error: cannot send/recv


###!!! [Child][RunMessage] Error: Channel error: cannot send/recv


###!!! [Child][RunMessage] Error: Channel error: cannot send/recv


###!!! [Child][RunMessage] Error: Channel error: cannot send/recv


###!!! [Child][RunMessage] Error: Channel error: cannot send/recv


###!!! [Child][RunMessage] Error: Channel error: cannot send/recv

[Child 4932, Chrome_ChildThread] WARNING: pipe error: 109: file z:/build/build/src/ipc/chromium/src/chrome/common/ipc_channel_win.cc, line 332

###!!! [Child][RunMessage] Error: Channel error: cannot send/recv


###!!! [Child][RunMessage] Error: Channel error: cannot send/recv

[Parent 3844, Gecko_IOThread] WARNING: pipe error: 109: file z:/build/build/src/ipc/chromium/src/chrome/common/ipc_channel_win.cc, line 332
[Child 4488, Chrome_ChildThread] WARNING: pipe error: 109: file z:/build/build/src/ipc/chromium/src/chrome/common/ipc_channel_win.cc, line 332
1567286554040	mozrunner::runner	INFO	Running command: "C:\\Program Files\\Mozilla Firefox\\firefox.exe" "-marionette" "-foreground" "-no-remote" "-profile" "C:\\Users\\rahmad\\AppData\\Local\\Temp\\rust_mozprofile.Rj9kVznTk9Z5"
console.error: JsonSchemaValidator.jsm: 
  Array expected but not received
console.error: Enterprise Policies: 
  Invalid parameters specified for Certificates.
1567286555790	addons.webextension.screenshots@mozilla.org	WARN	Loading extension 'screenshots@mozilla.org': Reading manifest: Invalid extension permission: mozillaAddons
1567286555791	addons.webextension.screenshots@mozilla.org	WARN	Loading extension 'screenshots@mozilla.org': Reading manifest: Invalid extension permission: resource://pdf.js/
1567286555791	addons.webextension.screenshots@mozilla.org	WARN	Loading extension 'screenshots@mozilla.org': Reading manifest: Invalid extension permission: about:reader*
1567286559168	Marionette	INFO	Listening on port 49853
1567286559591	Marionette	WARN	TLS certificate errors will be ignored for this session
JavaScript error: https://ajax.googleapis.com/ajax/libs/jquerymobile/1.4.5/jquery.mobile.min.js, line 4: TypeError: a.event.props is undefined
JavaScript error: https://www.babynames.com/boy-names, line 268: SyntaxError: illegal character
JavaScript error: https://www.babynames.com/boy-names, line 332: SyntaxError: illegal character
1567286576849	Marionette	INFO	Stopped listening on port 49853
[Parent 3320, Gecko_IOThread] WARNING: pipe error: 109: file z:/build/build/src/ipc/chromium/src/chrome/common/ipc_channel_win.cc, line 332
JavaScript error: https://tpc.googlesyndication.com/pagead/js/r20190826/r20110914/client/qs_click_protection.js, line 1: NS_ERROR_NOT_INITIALIZED: 
JavaScript error: https://tpc.googlesyndication.com/pagead/js/r20190826/r20110914/client/qs_click_protection.js, line 1: NS_ERROR_NOT_INITIALIZED: 
JavaScript error: , line 0: InvalidStateError: An attempt was made to use an object that is not, or is no longer, usable
[Child 1768, Chrome_ChildThread] WARNING: pipe error: 232: file z:/build/build/src/ipc/chromium/src/chrome/common/ipc_channel_win.cc, line 493
[Child 1768, Chrome_ChildThread] WARNING: pipe error: 109: file z:/build/build/src/ipc/chromium/src/chrome/common/ipc_channel_win.cc, line 332
[Child 1768, Chrome_ChildThread] WARNING: pipe error: 109: file z:/build/build/src/ipc/chromium/src/chrome/common/ipc_channel_win.cc, line 332
[Parent 3320, Gecko_IOThread] WARNING: pipe error: 109: file z:/build/build/src/ipc/chromium/src/chrome/common/ipc_channel_win.cc, line 332
[Child 5148, Chrome_ChildThread] WARNING: pipe error: 109: file z:/build/build/src/ipc/chromium/src/chrome/common/ipc_channel_win.cc, line 332
[Child 5148, Chrome_ChildThread] WARNING: pipe error: 109: file z:/build/build/src/ipc/chromium/src/chrome/common/ipc_channel_win.cc, line 332

###!!! [Child][MessageChannel] Error: (msgtype=0x52000E,name=PHttpChannel::Msg_DeletingChannel) Channel closing: too late to send/recv, messages will be lost


###!!! [Child][MessageChannel] Error: (msgtype=0x3500BB,name=PContent::Msg_ScriptError) Channel closing: too late to send/recv, messages will be lost


###!!! [Child][MessageChannel] Error: (msgtype=0x3500BB,name=PContent::Msg_ScriptError) Channel closing: too late to send/recv, messages will be lost


###!!! [Child][MessageChannel] Error: (msgtype=0x3500BB,name=PContent::Msg_ScriptError) Channel closing: too late to send/recv, messages will be lost


###!!! [Child][MessageChannel] Error: (msgtype=0x3500BB,name=PContent::Msg_ScriptError) Channel closing: too late to send/recv, messages will be lost

[Parent 3320, Gecko_IOThread] WARNING: file z:/build/build/src/ipc/chromium/src/base/process_util_win.cc, line 166
[GPU 5776, Ch1567286678057	mozrunner::runner	INFO	Running command: "C:\\Program Files\\Mozilla Firefox\\firefox.exe" "-marionette" "-foreground" "-no-remote" "-profile" "C:\\Users\\rahmad\\AppData\\Local\\Temp\\rust_mozprofile.h6DnUxas1ue0"
console.error: JsonSchemaValidator.jsm: 
  Array expected but not received
console.error: Enterprise Policies: 
  Invalid parameters specified for Certificates.
1567286679954	addons.webextension.screenshots@mozilla.org	WARN	Loading extension 'screenshots@mozilla.org': Reading manifest: Invalid extension permission: mozillaAddons
1567286679955	addons.webextension.screenshots@mozilla.org	WARN	Loading extension 'screenshots@mozilla.org': Reading manifest: Invalid extension permission: resource://pdf.js/
1567286679955	addons.webextension.screenshots@mozilla.org	WARN	Loading extension 'screenshots@mozilla.org': Reading manifest: Invalid extension permission: about:reader*
1567286683019	Marionette	INFO	Listening on port 50072
1567286683038	Marionette	WARN	TLS certificate errors will be ignored for this session
JavaScript error: https://ajax.googleapis.com/ajax/libs/jquerymobile/1.4.5/jquery.mobile.min.js, line 4: TypeError: a.event.props is undefined
JavaScript error: https://www.babynames.com/boy-names, line 268: SyntaxError: illegal character
JavaScript error: https://www.babynames.com/boy-names, line 332: SyntaxError: illegal character
1567286709089	Marionette	INFO	Stopped listening on port 50072
[Parent 4184, Gecko_IOThread] WARNING: pipe error: 109: file z:/build/build/src/ipc/chromium/src/chrome/common/ipc_channel_win.cc, line 332
[Child 4708, Chrome_ChildThread] WARNING: pipe error: 109: file z:/build/build/src/ipc/chromium/src/chrome/common/ipc_channel_win.cc, line 332
[Parent 4184, Gecko_IOThread] WARNING: pipe error: 109: file z:/build/build/src/ipc/chromium/src/chrome/common/ipc_channel_win.cc, line 332
[Child 1564, Chrome_ChildThread] WARNING: pipe error: 232: file z:/build/build/src/ipc/chromium/src/chrome/common/ipc_channel_win.cc, line 493

###!!! [Child][RunMessage] Error: Channel error: cannot send/recv


###!!! [Child][RunMessage] Error: Channel error: cannot send/recv


###!!! [Child][RunMessage] Error: Channel error: cannot send/recv


###!!! [Child][RunMessage] Error: Channel error: cannot send/recv

[Parent 4184, Gecko_IOThread] WARNING: pipe error: 109: file z:/build/build/src/ipc/chromium/src/chrome/common/ipc_channel_win.cc, line 332
[Child 5132, Chrome_ChildThread] WARNING: pipe error: 109: file z:/build/build/src/ipc/chromium/src/chrome/common/ipc_channel_win.cc, line 332

###!!! [Child][RunMessage] Error: Channel closing: too late to send/recv, messages will be lost

1567286896006	mozrunner::runner	INFO	Running command: "C:\\Program Files\\Mozilla Firefox\\firefox.exe" "-marionette" "-foreground" "-no-remote" "-profile" "C:\\Users\\rahmad\\AppData\\Local\\Temp\\rust_mozprofile.lOwXfxMcnWtS"
console.error: JsonSchemaValidator.jsm: 
  Array expected but not received
console.error: Enterprise Policies: 
  Invalid parameters specified for Certificates.
1567286897684	addons.webextension.screenshots@mozilla.org	WARN	Loading extension 'screenshots@mozilla.org': Reading manifest: Invalid extension permission: mozillaAddons
1567286897684	addons.webextension.screenshots@mozilla.org	WARN	Loading extension 'screenshots@mozilla.org': Reading manifest: Invalid extension permission: resource://pdf.js/
1567286897684	addons.webextension.screenshots@mozilla.org	WARN	Loading extension 'screenshots@mozilla.org': Reading manifest: Invalid extension permission: about:reader*
[Child 4020, Chrome_ChildThread] WARNING: pipe error: 109: file z:/build/build/src/ipc/chromium/src/chrome/common/ipc_channel_win.cc, line 332
[Child 4020, Chrome_ChildThread] WARNING: pipe error: 109: file z:/build/build/src/ipc/chromium/src/chrome/common/ipc_channel_win.cc, line 332
1567286900864	Marionette	INFO	Listening on port 50374
1567286901073	Marionette	WARN	TLS certificate errors will be ignored for this session
console.error: BroadcastService: 
  receivedBroadcastMessage: handler for
  remote-settings/monitor_changes
  threw error:
  Message: Error: Polling for changes failed: NetworkError when attempting to fetch resource..
  Stack:
    remoteSettingsFunction/remoteSettings.pollChanges@resource://services-settings/remote-settings.js:190:13

[Parent 6116, Gecko_IOThread] WARNING: pipe error: 109: file z:/build/build/src/ipc/chromium/src/chrome/common/ipc_channel_win.cc, line 332
[Parent 6116, Gecko_IOThread] WARNING: pipe error: 109: file z:/build/build/src/ipc/chromium/src/chrome/common/ipc_channel_win.cc, line 332
[Child 3444, Chrome_ChildThread] WARNING: pipe error: 109: file z:/build/build/src/ipc/chromium/src/chrome/common/ipc_channel_win.cc, line 332
[Child 3428, Chrome_ChildThread] WARNING: pipe error: 109: file z:/build/build/src/ipc/chromium/src/chrome/common/ipc_channel_win.cc, line 332
[Parent 6116, Gecko_IOThread] WARNING: pipe error: 109: file z:/build/build/src/ipc/chromium/src/chrome/common/ipc_channel_win.cc, line 332
1567287321978	Marionette	INFO	Stopped listening on port 50374

###!!! [Child][RunMessage] Error: Channel closing: too late to send/recv, messages will be lost

[GPU 4660, Chromor when attempting to fetch resource..
  Stack:
    remoteSettingsFunction/remoteSettings.pollChanges@resource://services-settings/remote-settings.js:190:13

[Parent 2332, Gecko_IOThread] WARNING: pipe error: 109: file z:/build/build/src/ipc/chromium/src/chrome/common/ipc_channel_win.cc, line 332
[Child 84, Chrome_ChildThread] WARNING: pipe error: 109: file z:/build/build/src/ipc/chromium/src/chrome/common/ipc_channel_win.cc, line 332
[Child 84, Chrome_ChildThread] WARNING: pipe error: 109: file z:/build/build/src/ipc/chromium/src/chrome/common/ipc_channel_win.cc, line 332
[Parent 2332, Gecko_IOThread] WARNING: pipe error: 109: file z:/build/build/src/ipc/chromium/src/chrome/common/ipc_channel_win.cc, line 332
[Child 5788, Chrome_ChildThread] WARNING: pipe error: 109: file z:/build/build/src/ipc/chromium/src/chrome/common/ipc_channel_win.cc, line 332
[Child 5788, Chrome_ChildThread] WARNING: pipe error: 109: file z:/build/build/src/ipc/chromium/src/chrome/common/ipc_channel_win.cc, line 332
[Parent 2332, Gecko_IOThread] WARNING: file z:/build/build/src/ipc/chromium/src/base/process_util_win.cc, line 166
1567287293477	Marionette	INFO	Stopped listening on port 50420

###!!! [Child][RunMessage] Error: Channel closing: too late to send/recv, messages will be lost

[GPU 2236, Chrome_Chil1567287311637	mozrunner::runner	INFO	Running command: "C:\\Program Files\\Mozilla Firefox\\firefox.exe" "-marionette" "-foreground" "-no-remote" "-profile" "C:\\Users\\rahmad\\AppData\\Local\\Temp\\rust_mozprofile.aIDceGd6mGdm"
console.error: JsonSchemaValidator.jsm: 
  Array expected but not received
console.error: Enterprise Policies: 
  Invalid parameters specified for Certificates.
1567287312160	addons.webextension.screenshots@mozilla.org	WARN	Loading extension 'screenshots@mozilla.org': Reading manifest: Invalid extension permission: mozillaAddons
1567287312161	addons.webextension.screenshots@mozilla.org	WARN	Loading extension 'screenshots@mozilla.org': Reading manifest: Invalid extension permission: resource://pdf.js/
1567287312161	addons.webextension.screenshots@mozilla.org	WARN	Loading extension 'screenshots@mozilla.org': Reading manifest: Invalid extension permission: about:reader*
1567287315338	Marionette	INFO	Listening on port 50461
1567287315723	Marionette	WARN	TLS certificate errors will be ignored for this session
[Parent 1112, Gecko_IOThread] WARNING: pipe error: 109: file z:/build/build/src/ipc/chromium/src/chrome/common/ipc_channel_win.cc, line 332
[Child 5948, Chrome_ChildThread] WARNING: pipe error: 109: file z:/build/build/src/ipc/chromium/src/chrome/common/ipc_channel_win.cc, line 332
[Child 5948, Chrome_ChildThread] WARNING: pipe error: 109: file z:/build/build/src/ipc/chromium/src/chrome/common/ipc_channel_win.cc, line 332
[Child 232, Chrome_ChildThread] WARNING: pipe error: 109: file z:/build/build/src/ipc/chromium/src/chrome/common/ipc_channel_win.cc, line 332
[Parent 1112, Gecko_IOThread] WARNING: pipe error: 109: file z:/build/build/src/ipc/chromium/src/chrome/common/ipc_channel_win.cc, line 332
[Child 3188, Chrome_ChildThread] WARNING: pipe error: 109: file z:/build/build/src/ipc/chromium/src/chrome/common/ipc_channel_win.cc, line 332
[Child 3188, Chrome_ChildThread] WARN1567287371792	Marionette	INFO	Stopped listening on port 50461
[GPU 2560, Chrome_ChildThr
###!!! [Child][MessageChannel::SendAndWait] Error: Channel error: cannot send/recv

1567287374562	mozrunner::runner	INFO	Running command: "C:\\Program Files\\Mozilla Firefox\\firefox.exe" "-marionette" "-foreground" "-no-remote" "-profile" "C:\\Users\\rahmad\\AppData\\Local\\Temp\\rust_mozprofile.1cQ15w5jeD2R"
console.error: JsonSchemaValidator.jsm: 
  Array expected but not received
console.error: Enterprise Policies: 
  Invalid parameters specified for Certificates.
1567287375077	addons.webextension.screenshots@mozilla.org	WARN	Loading extension 'screenshots@mozilla.org': Reading manifest: Invalid extension permission: mozillaAddons
1567287375077	addons.webextension.screenshots@mozilla.org	WARN	Loading extension 'screenshots@mozilla.org': Reading manifest: Invalid extension permission: resource://pdf.js/
1567287375077	addons.webextension.screenshots@mozilla.org	WARN	Loading extension 'screenshots@mozilla.org': Reading manifest: Invalid extension permission: about:reader*
1567287378070	Marionette	INFO	Listening on port 50491
1567287378089	Marionette	WARN	TLS certificate errors will be ignored for this session
console.error: BroadcastService: 
  receivedBroadcastMessage: handler for
  remote-settings/monitor_changes
  threw error:
  Message: Error: Polling for changes failed: NetworkError when attempting to fetch resource..
  Stack:
    remoteSettingsFunction/remoteSettings.pollChanges@resource://services-settings/remote-settings.js:190:13

[Child 4068, Chrome_ChildThread] WARNING: pipe error: 109: file z:/build/build/src/ipc/chromium/src/chrome/common/ipc_channel_win.cc, line 332
[Child 4068, Chrome_ChildThread] WARNING: pipe error: 109: file z:/build/build/src/ipc/chromium/src/chrome/common/ipc_channel_win.cc, line 332
[Parent 3224, Gecko_IOThread] WARNING: file z:/build/build/src/ipc/chromium/src/base/process_util_win.cc, line 166
1567292798400	Marionette	INFO	Stopped listening on port 50491
xtension 'screenshots@mozilla.org': Reading manifest: Invalid extension permission: about:reader*
1567287442552	Marionette	INFO	Listening on port 50526
1567287442834	Marionette	WARN	TLS certificate errors will be ignored for this session
console.error: BroadcastService: 
  receivedBroadcastMessage: handler for
  remote-settings/monitor_changes
  threw error:
  Message: Error: Polling for changes failed: NetworkError when attempting to fetch resource..
  Stack:
    remoteSettingsFunction/remoteSettings.pollChanges@resource://services-settings/remote-settings.js:190:13

[Child 2608, Chrome_ChildThread] WARNING: pipe error: 109: file z:/build/build/src/ipc/chromium/src/chrome/common/ipc_channel_win.cc, line 332
[Child 2608, Chrome_ChildThread] WARNING: pipe error: 109: file z:/build/build/src/ipc/chromium/src/chrome/common/ipc_channel_win.cc, line 332
[Child 352, Chrome_ChildThread] WARNING: pipe error: 109: file z:/build/build/src/ipc/chromium/src/chrome/common/ipc_channel_win.cc, line 332
[Parent 3036, Gecko_IOThread] WARNING: file z:/build/build/src/ipc/chromium/src/base/process_util_win.cc, line 166
[Child 788, Chrome_ChildThread] WARNING: pipe error: 109: file z:/build/build/src/ipc/chromium/src/chrome/common/ipc_channel_win.cc, line 332
[Child 788, Chrome_ChildThread] WARN1567292757395	Marionette	INFO	Stopped listening on port 50526

###!!! [Child][RunMessage] Error: Channel closing: too late to send/recv, messages will be lost

[GPU 5524, Chro1567292789817	mozrunner::runner	INFO	Running command: "C:\\Program Files\\Mozilla Firefox\\firefox.exe" "-marionette" "-foreground" "-no-remote" "-profile" "C:\\Users\\rahmad\\AppData\\Local\\Temp\\rust_mozprofile.OHVfBN79tLsR"
console.error: JsonSchemaValidator.jsm: 
  Array expected but not received
console.error: Enterprise Policies: 
  Invalid parameters specified for Certificates.
1567292790346	addons.webextension.screenshots@mozilla.org	WARN	Loading extension 'screenshots@mozilla.org': Reading manifest: Invalid extension permission: mozillaAddons
1567292790347	addons.webextension.screenshots@mozilla.org	WARN	Loading extension 'screenshots@mozilla.org': Reading manifest: Invalid extension permission: resource://pdf.js/
1567292790347	addons.webextension.screenshots@mozilla.org	WARN	Loading extension 'screenshots@mozilla.org': Reading manifest: Invalid extension permission: about:reader*
1567292793616	Marionette	INFO	Listening on port 50643
1567292793794	Marionette	WARN	TLS certificate errors will be ignored for this session
JavaScript error: https://ajax.googleapis.com/ajax/libs/jquerymobile/1.4.5/jquery.mobile.min.js, line 4: TypeError: a.event.props is undefined
JavaScript error: https://www.babynames.com/boy-names, line 268: SyntaxError: illegal character
JavaScript error: https://www.babynames.com/boy-names, line 332: SyntaxError: illegal character
console.error: BroadcastService: 
  receivedBroadcastMessage: handler for
  remote-settings/monitor_changes
  threw error:
  Message: Error: Polling for changes failed: NetworkError when attempting to fetch resource..
  Stack:
    remoteSettingsFunction/remoteSettings.pollChanges@resource://services-settings/remote-settings.js:190:13

[Child 3112, Chrome_ChildThread] WARNING: pipe error: 109: file z:/build/build/src/ipc/chromium/src/chrome/common/ipc_channel_win.cc, line 332
[Parent 356, Gecko_IOThread] WARNING: pipe error: 109: file z:/build/build/src/ipc/chromium/src/chrome/common/ipc_channel_win.cc, line 332
[Child 2344, Chrome_ChildThread] WARNING: pipe error: 109: file z:/build/build/src/ipc/chromium/src/chrome/common/ipc_channel_win.cc, line 332
[Child 2344, Chrome_ChildThread] WARNING: pipe error: 109: file z:/build/build/src/ipc/chromium/src/chrome/common/ipc_channel_win.cc, line 332
[Parent 356, Gecko_IOThread] WARNING: pipe error: 109: file z:/build/build/src/ipc/chromium/src/chrome/common/ipc_channel_win.cc, line 332
[Child 4628, Chrome_ChildThread] WARNING: pipe error: 109: file z:/build/build/src/ipc/chromium/src/chrome/common/ipc_channel_win.cc, line 332
[Child 4628, Chrome_ChildThread] WARNING: pipe error: 109: file z:/build/build/src/ipc/chromium/src/chrome/common/ipc_channel_win.cc, line 332
1567293672656	Marionette	INFO	Stopped listening on port 50643
[GPU 5968, 
###!!! [Child][MessageChannel::SendAndWait] Error: Channel error: cannot send/recv

JavaScript error: resource://gre/modules/TelemetryController.jsm, line 461: Error: submitExternalPing - Submission is not allowed after shutdown, discarding ping of type: modules
1567328421708	mozrunner::runner	INFO	Running command: "C:\\Program Files\\Mozilla Firefox\\firefox.exe" "-marionette" "-foreground" "-no-remote" "-profile" "C:\\Users\\rahmad\\AppData\\Local\\Temp\\rust_mozprofile.93ubWFmMBEtD"
console.error: JsonSchemaValidator.jsm: 
  Array expected but not received
console.error: Enterprise Policies: 
  Invalid parameters specified for Certificates.
1567328423728	addons.webextension.screenshots@mozilla.org	WARN	Loading extension 'screenshots@mozilla.org': Reading manifest: Invalid extension permission: mozillaAddons
1567328423728	addons.webextension.screenshots@mozilla.org	WARN	Loading extension 'screenshots@mozilla.org': Reading manifest: Invalid extension permission: resource://pdf.js/
1567328423728	addons.webextension.screenshots@mozilla.org	WARN	Loading extension 'screenshots@mozilla.org': Reading manifest: Invalid extension permission: about:reader*
1567328430250	Marionette	INFO	Listening on port 51409
1567328431066	Marionette	WARN	TLS certificate errors will be ignored for this session
JavaScript error: https://ajax.googleapis.com/ajax/libs/jquerymobile/1.4.5/jquery.mobile.min.js, line 4: TypeError: a.event.props is undefined
JavaScript error: https://www.babynames.com/boy-names, line 268: SyntaxError: illegal character
JavaScript error: https://www.babynames.com/boy-names, line 332: SyntaxError: illegal character
console.error: BroadcastService: 
  receivedBroadcastMessage: handler for
  remote-settings/monitor_changes
  threw error:
  Message: Error: Polling for changes failed: NetworkError when attempting to fetch resource..
  Stack:
    remoteSettingsFunction/remoteSettings.pollChanges@resource://services-settings/remote-settings.js:190:13

[Child 5156, MediaPlayback #1] WARNING: Decoder=1fd6d880 Decode error: NS_ERROR_DOM_MEDIA_FATAL_ERR (0x806e0005) - error creating Audio decoder: file z:/build/build/src/dom/media/MediaDecoderStateMachine.cpp, line 3331
[Child 5156, MediaPlayback #1] WARNING: Decoder=1768ad00 Decode error: NS_ERROR_DOM_MEDIA_FATAL_ERR (0x806e0005) - error creating Audio decoder: file z:/build/build/src/dom/media/MediaDecoderStateMachine.cpp, line 3331
JavaScript error: https://static.adsafeprotected.com/main.19.8.5.js, line 294: TypeError: d is undefined
[Child 5156, MediaPlayback #2] WARNING: Decoder=1cced500 Decode error: NS_ERROR_DOM_MEDIA_FATAL_ERR (0x806e0005) - error creating Audio decoder: file z:/build/build/src/dom/media/MediaDecoderStateMachine.cpp, line 3331
JavaScript error: https://static.adsafeprotected.com/main.19.8.5.js, line 294: TypeError: d is undefined
[Parent 6100, Gecko_IOThread] WARNING: pipe error: 109: file z:/build/build/src/ipc/chromium/src/chrome/common/ipc_channel_win.cc, line 332
[Child 4260, Chrome_ChildThread] WARNING: pipe error: 109: file z:/build/build/src/ipc/chromium/src/chrome/common/ipc_channel_win.cc, line 332
[Child 4260, CJavaScript error: resource://gre/modules/WebProgressChild.jsm, line 61: TypeError: this.mm.content is null
[Parent 6100, Gecko_IOThread] WARNING: pipe error: 109: file z:/build/build/src/ipc/chromium/src/chrome/common/ipc_channel_win.cc, line 332
[Child 5156, Chrome_ChildThread] WARNING: pipe error: 109: file z:/build/build/src/ipc/chromium/src/chrome/common/ipc_channel_win.cc, line 332
[Child 5156, Chrome_ChildThread] WARNING: pipe error: 109: file z:/build/build/src/ipc/chromium/src/chrome/common/ipc_channel_win.cc, line 332
[Parent 6100, Gecko_IOThread] WARNING: pipe error: 109: file z:/build/build/src/ipc/chromium/src/chrome/common/ipc_channel_win.cc, line 332
[Child 4088, Chrome_ChildThread] WARNING: pipe error: 109: file z:/build/build/src/ipc/chromium/src/chrome/common/ipc_channel_win.cc, line 332
[Parent 6100, Gecko_IOThread] WARNING: file z:/build/build/src/ipc/chromium/src/base/process_util_win.cc, line 166
1567328624302	Marionette	INFO	Stopped listening on port 51409

###!!! [Child][RunMessage] Error: Channel closing: too late to send/recv, messages will be lost

[1567328645367	mozrunner::runner	INFO	Running command: "C:\\Program Files\\Mozilla Firefox\\firefox.exe" "-marionette" "-foreground" "-no-remote" "-profile" "C:\\Users\\rahmad\\AppData\\Local\\Temp\\rust_mozprofile.M5YCkLd8Yq6P"
console.error: JsonSchemaValidator.jsm: 
  Array expected but not received
console.error: Enterprise Policies: 
  Invalid parameters specified for Certificates.
1567328647362	addons.webextension.screenshots@mozilla.org	WARN	Loading extension 'screenshots@mozilla.org': Reading manifest: Invalid extension permission: mozillaAddons
1567328647363	addons.webextension.screenshots@mozilla.org	WARN	Loading extension 'screenshots@mozilla.org': Reading manifest: Invalid extension permission: resource://pdf.js/
1567328647363	addons.webextension.screenshots@mozilla.org	WARN	Loading extension 'screenshots@mozilla.org': Reading manifest: Invalid extension permission: about:reader*
[Child 40, Chrome_ChildThread] WARNING: pipe error: 109: file z:/build/build/src/ipc/chromium/src/chrome/common/ipc_channel_win.cc, line 332
[Child 40, Chrome_ChildThread] WARNING: pipe error: 109: file z:/build/build/src/ipc/chromium/src/chrome/common/ipc_channel_win.cc, line 332
1567328650434	Marionette	INFO	Listening on port 52144
1567328650877	Marionette	WARN	TLS certificate errors will be ignored for this session
JavaScript error: https://ajax.googleapis.com/ajax/libs/jquerymobile/1.4.5/jquery.mobile.min.js, line 4: TypeError: a.event.props is undefined
JavaScript error: https://www.babynames.com/boy-names, line 268: SyntaxError: illegal character
JavaScript error: https://www.babynames.com/boy-names, line 332: SyntaxError: illegal character
JavaScript error: https://ajax.googleapis.com/ajax/libs/jquerymobile/1.4.5/jquery.mobile.min.js, line 4: TypeError: a.event.props is undefined
JavaScript error: https://www.babynames.com/Names/search.php, line 268: SyntaxError: illegal character
JavaScript error: https://www.babynames.com/Names/search.php, line 332: SyntaxError: illegal character
console.error: BroadcastService: 
  receivedBroadcastMessage: handler for
  remote-settings/monitor_changes
  threw error:
  Message: Error: Polling for changes failed: NetworkError when attempting to fetch resource..
  Stack:
    remoteSettingsFunction/remoteSettings.pollChanges@resource://services-settings/remote-settings.js:190:13

JavaScript error: https://ajax.googleapis.com/ajax/libs/jquerymobile/1.4.5/jquery.mobile.min.js, line 4: TypeError: a.event.props is undefined
JavaScript error: , line 0: InvalidStateError: An attempt was made to use an object that is not, or is no longer, usable
JavaScript error: https://www.babynames.com/Names/search.php, line 268: SyntaxError: illegal character
JavaScript error: https://www.babynames.com/Names/search.php, line 332: SyntaxError: illegal character
JavaScript error: https://ajax.googleapis.com/ajax/libs/jquerymobile/1.4.5/jquery.mobile.min.js, line 4: TypeError: a.event.props is undefined
JavaScript error: , line 0: InvalidStateError: An attempt was made to use an object that is not, or is no longer, usable
JavaScript error: https://www.babynames.com/Names/search.php, line 268: SyntaxError: illegal character
JavaScript error: https://www.babynames.com/Names/search.php, line 332: SyntaxError: illegal character
JavaScript error: https://ajax.googleapis.com/ajax/libs/jquerymobile/1.4.5/jquery.mobile.min.js, line 4: TypeError: a.event.props is undefined
JavaScript error: , line 0: InvalidStateError: An attempt was made to use an object that is not, or is no longer, usable
JavaScript error: https://www.babynames.com/Names/search.php, line 268: SyntaxError: illegal character
JavaScript error: https://www.babynames.com/Names/search.php, line 332: SyntaxError: illegal character
JavaScript error: https://ajax.googleapis.com/ajax/libs/jquerymobile/1.4.5/jquery.mobile.min.js, line 4: TypeError: a.event.props is undefined
JavaScript error: , line 0: InvalidStateError: An attempt was made to use an object that is not, or is no longer, usable
JavaScript error: https://www.babynames.com/Names/search.php, line 268: SyntaxError: illegal character
JavaScript error: https://www.babynames.com/Names/search.php, line 332: SyntaxError: illegal character
JavaScript error: https://ajax.googleapis.com/ajax/libs/jquerymobile/1.4.5/jquery.mobile.min.js, line 4: TypeError: a.event.props is undefined
JavaScript error: , line 0: InvalidStateError: An attempt was made to use an object that is not, or is no longer, usable
JavaScript error: https://www.babynames.com/Names/search.php, line 268: SyntaxError: illegal character
JavaScript error: https://www.babynames.com/Names/search.php, line 332: SyntaxError: illegal character
JavaScript error: https://ajax.googleapis.com/ajax/libs/jquerymobile/1.4.5/jquery.mobile.min.js, line 4: TypeError: a.event.props is undefined
JavaScript error: https://www.babynames.com/Names/search.php, line 268: SyntaxError: illegal character
JavaScript error: https://www.babynames.com/Names/search.php, line 332: SyntaxError: illegal character
JavaScript error: https://s0.2mdn.net/sadbundle/17070299519343656960/index.html line 378 > scriptElement, line 1: TypeError: b is null
JavaScript error: https://ajax.googleapis.com/ajax/libs/jquerymobile/1.4.5/jquery.mobile.min.js, line 4: TypeError: a.event.props is undefined
JavaScript error: , line 0: InvalidStateError: An attempt was made to use an object that is not, or is no longer, usable
JavaScript error: https://www.babynames.com/Names/search.php, line 268: SyntaxError: illegal character
JavaScript error: https://www.babynames.com/Names/search.php, line 332: SyntaxError: illegal character
JavaScript error: https://ajax.googleapis.com/ajax/libs/jquerymobile/1.4.5/jquery.mobile.min.js, line 4: TypeError: a.event.props is undefined
JavaScript error: , line 0: InvalidStateError: An attempt was made to use an object that is not, or is no longer, usable
JavaScript error: https://www.babynames.com/Names/search.php, line 268: SyntaxError: illegal character
JavaScript error: https://www.babynames.com/Names/search.php, line 332: SyntaxError: illegal character
JavaScript error: https://ajax.googleapis.com/ajax/libs/jquerymobile/1.4.5/jquery.mobile.min.js, line 4: TypeError: a.event.props is undefined
JavaScript error: , line 0: InvalidStateError: An attempt was made to use an object that is not, or is no longer, usable
JavaScript error: https://www.babynames.com/Names/search.php, line 268: SyntaxError: illegal character
JavaScript error: https://www.babynames.com/Names/search.php, line 332: SyntaxError: illegal character
JavaScript error: https://ajax.googleapis.com/ajax/libs/jquerymobile/1.4.5/jquery.mobile.min.js, line 4: TypeError: a.event.props is undefined
JavaScript error: , line 0: InvalidStateError: An attempt was made to use an object that is not, or is no longer, usable
JavaScript error: https://www.babynames.com/Names/search.php, line 268: SyntaxError: illegal character
JavaScript error: https://www.babynames.com/Names/search.php, line 332: SyntaxError: illegal character
JavaScript error: https://ajax.googleapis.com/ajax/libs/jquerymobile/1.4.5/jquery.mobile.min.js, line 4: TypeError: a.event.props is undefined
JavaScript error: , line 0: InvalidStateError: An attempt was made to use an object that is not, or is no longer, usable
JavaScript error: https://www.babynames.com/Names/search.php, line 268: SyntaxError: illegal character
JavaScript error: https://www.babynames.com/Names/search.php, line 332: SyntaxError: illegal character
JavaScript error: https://ajax.googleapis.com/ajax/libs/jquerymobile/1.4.5/jquery.mobile.min.js, line 4: TypeError: a.event.props is undefined
JavaScript error: , line 0: InvalidStateError: An attempt was made to use an object that is not, or is no longer, usable
JavaScript error: https://www.babynames.com/Names/search.php, line 268: SyntaxError: illegal character
JavaScript error: https://www.babynames.com/Names/search.php, line 332: SyntaxError: illegal character
JavaScript error: https://ajax.googleapis.com/ajax/libs/jquerymobile/1.4.5/jquery.mobile.min.js, line 4: TypeError: a.event.props is undefined
JavaScript error: , line 0: InvalidStateError: An attempt was made to use an object that is not, or is no longer, usable
JavaScript error: https://www.babynames.com/Names/search.php, line 268: SyntaxError: illegal character
JavaScript error: https://www.babynames.com/Names/search.php, line 332: SyntaxError: illegal character
JavaScript error: https://ajax.googleapis.com/ajax/libs/jquerymobile/1.4.5/jquery.mobile.min.js, line 4: TypeError: a.event.props is undefined
JavaScript error: , line 0: InvalidStateError: An attempt was made to use an object that is not, or is no longer, usable
JavaScript error: https://www.babynames.com/Names/search.php, line 268: SyntaxError: illegal character
JavaScript error: https://www.babynames.com/Names/search.php, line 332: SyntaxError: illegal character
JavaScript error: https://ajax.googleapis.com/ajax/libs/jquerymobile/1.4.5/jquery.mobile.min.js, line 4: TypeError: a.event.props is undefined
JavaScript error: , line 0: InvalidStateError: An attempt was made to use an object that is not, or is no longer, usable
JavaScript error: https://www.babynames.com/Names/search.php, line 268: SyntaxError: illegal character
JavaScript error: https://www.babynames.com/Names/search.php, line 332: SyntaxError: illegal character
JavaScript error: https://ajax.googleapis.com/ajax/libs/jquerymobile/1.4.5/jquery.mobile.min.js, line 4: TypeError: a.event.props is undefined
JavaScript error: , line 0: InvalidStateError: An attempt was made to use an object that is not, or is no longer, usable
JavaScript error: https://www.babynames.com/Names/search.php, line 268: SyntaxError: illegal character
JavaScript error: https://www.babynames.com/Names/search.php, line 332: SyntaxError: illegal character
JavaScript error: https://ajax.googleapis.com/ajax/libs/jquerymobile/1.4.5/jquery.mobile.min.js, line 4: TypeError: a.event.props is undefined
JavaScript error: , line 0: InvalidStateError: An attempt was made to use an object that is not, or is no longer, usable
JavaScript error: https://www.babynames.com/Names/search.php, line 268: SyntaxError: illegal character
JavaScript error: https://www.babynames.com/Names/search.php, line 332: SyntaxError: illegal character
JavaScript error: https://ajax.googleapis.com/ajax/libs/jquerymobile/1.4.5/jquery.mobile.min.js, line 4: TypeError: a.event.props is undefined
JavaScript error: , line 0: InvalidStateError: An attempt was made to use an object that is not, or is no longer, usable
JavaScript error: https://www.babynames.com/Names/search.php, line 268: SyntaxError: illegal character
JavaScript error: https://www.babynames.com/Names/search.php, line 332: SyntaxError: illegal character
JavaScript error: https://googleads.g.doubleclick.net/pagead/ads?client=ca-pub-9489621755605348&output=html&h=90&slotname=7725212371&adk=1123304386&adf=2482319128&w=728&guci=2.2.0.0.2.2.0.0&url=https%3A%2F%2Fwww.babynames.com%2FNames%2Fsearch.php&ea=0&flash=0&wgl=1&dt=1567329343292&bpp=25&bdt=376&fdt=103&idt=104&shv=r20190826&cbv=r20190131&saldr=sa&correlator=1316316073352&frm=23&ife=5&pv=1&ga_vid=562653931.1567328659&ga_sid=1567329343&ga_hid=380864052&ga_fc=0&icsg=170&nhd=2&dssz=5&mdo=0&mso=0&u_tz=480&u_his=21&u_java=0&u_h=768&u_w=1366&u_ah=728&u_aw=1366&u_cd=24&u_nplug=0&u_nmime=0&adx=311&ady=1276&biw=1349&bih=654&isw=728&ish=90&ifk=1126190407&scr_x=0&scr_y=720&oid=3&ref=https%3A%2F%2Fwww.babynames.com%2FNames%2Fsearch.php&rx=0&eae=2&fc=656&brdim=-8%2C-8%2C-8%2C-8%2C1366%2C0%2C1382%2C744%2C728%2C90&vis=1&rsz=%7C%7CfeE%7C&abl=CF&pfx=0&fu=20&bc=29&ifi=1&uci=1.9j4zqvfasgpb&dtd=123, line 1: ReferenceError: vu is not defined
JavaScript error: https://securepubads.g.doubleclick.net/gpt/pubads_impl_2019082701.js, line 1: InvalidStateError: An attempt was made to use an object that is not, or is no longer, usable
JavaScript error: https://securepubads.g.doubleclick.net/gpt/pubads_impl_2019082701.js, line 1: InvalidStateError: An attempt was made to use an object that is not, or is no longer, usable
JavaScript error: https://securepubads.g.doubleclick.net/gpt/pubads_impl_2019082701.js, line 1: InvalidStateError: An attempt was made to use an object that is not, or is no longer, usable
JavaScript error: https://securepubads.g.doubleclick.net/gpt/pubads_impl_2019082701.js, line 1: InvalidStateError: An attempt was made to use an object that is not, or is no longer, usable
JavaScript error: https://securepubads.g.doubleclick.net/gpt/pubads_impl_2019082701.js, line 1: InvalidStateError: An attempt was made to use an object that is not, or is no longer, usable
JavaScript error: https://securepubads.g.doubleclick.net/gpt/pubads_impl_2019082701.js, line 1: InvalidStateError: An attempt was made to use an object that is not, or is no longer, usable
JavaScript error: https://securepubads.g.doubleclick.net/gpt/pubads_impl_2019082701.js, line 1: InvalidStateError: An attempt was made to use an object that is not, or is no longer, usable
JavaScript error: https://securepubads.g.doubleclick.net/gpt/pubads_impl_2019082701.js, line 1: InvalidStateError: An attempt was made to use an object that is not, or is no longer, usable
JavaScript error: https://securepubads.g.doubleclick.net/gpt/pubads_impl_2019082701.js, line 1: InvalidStateError: An attempt was made to use an object that is not, or is no longer, usable
JavaScript error: https://securepubads.g.doubleclick.net/gpt/pubads_impl_2019082701.js, line 1: InvalidStateError: An attempt was made to use an object that is not, or is no longer, usable
JavaScript error: https://securepubads.g.doubleclick.net/gpt/pubads_impl_2019082701.js, line 1: InvalidStateError: An attempt was made to use an object that is not, or is no longer, usable
JavaScript error: https://securepubads.g.doubleclick.net/gpt/pubads_impl_2019082701.js, line 1: InvalidStateError: An attempt was made to use an object that is not, or is no longer, usable
JavaScript error: https://securepubads.g.doubleclick.net/gpt/pubads_impl_2019082701.js, line 1: InvalidStateError: An attempt was made to use an object that is not, or is no longer, usable
JavaScript error: https://securepubads.g.doubleclick.net/gpt/pubads_impl_2019082701.js, line 1: InvalidStateError: An attempt was made to use an object that is not, or is no longer, usable
[Parent 5208, Gecko_IOThread] WARNING: pipe error: 109: file z:/build/build/src/ipc/chromium/src/chrome/common/ipc_channel_win.cc, line 332
[Parent 5208, Gecko_IOThread] WARNING: pipe error: 109: file z:/build/build/src/ipc/chromium/src/chrome/common/ipc_channel_win.cc, line 449
[Parent 5208, Gecko_IOThread] WARNING: pipe error: 232: file z:/build/build/src/ipc/chromium/src/chrome/common/ipc_channel_win.cc, line 493
A content process crashed and MOZ_CRASHREPORTER_SHUTDOWN is set, shutting down
JavaScript error: resource:///modules/sessionstore/SessionStore.jsm, line 1643: TypeError: subject.QueryInterface is not a function
A content process crashed and MOZ_CRASHREPORTER_SHUTDOWN is set, shutting down
[Parent 5208, Gecko_IOThread] WARNING: pipe error: 109: file z:/build/build/src/ipc/chromium/src/chrome/common/ipc_channel_win.cc, line 332
[Child 2908, Chrome_ChildThread] WARNING: pipe error: 109: file z:/build/build/src/ipc/chromium/src/chrome/common/ipc_channel_win.cc, line 332
[Child 2908, Chrome_ChildThread] WARNING: pipe error: 109: file z:/build/build/src/ipc/chromium/src/chrome/common/ipc_channel_win.cc, line 332
JavaScript error: resource:///modules/sessionstore/SessionSaver.jsm, line 179: NS_ERROR_FAILURE: Component returned failure code: 0x80004005 (NS_ERROR_FAILURE) [nsIAppShellService.hiddenDOMWindow]
1567331212327	Marionette	INFO	Stopped listening on port 52144
1567343026290	mozrunner::runner	INFO	Running command: "C:\\Program Files\\Mozilla Firefox\\firefox.exe" "-marionette" "-foreground" "-no-remote" "-profile" "C:\\Users\\rahmad\\AppData\\Local\\Temp\\rust_mozprofile.5og8uf8rooUh"
console.error: JsonSchemaValidator.jsm: 
  Array expected but not received
console.error: Enterprise Policies: 
  Invalid parameters specified for Certificates.
1567343030297	addons.webextension.screenshots@mozilla.org	WARN	Loading extension 'screenshots@mozilla.org': Reading manifest: Invalid extension permission: mozillaAddons
1567343030302	addons.webextension.screenshots@mozilla.org	WARN	Loading extension 'screenshots@mozilla.org': Reading manifest: Invalid extension permission: resource://pdf.js/
1567343030302	addons.webextension.screenshots@mozilla.org	WARN	Loading extension 'screenshots@mozilla.org': Reading manifest: Invalid extension permission: about:reader*
[Child 3188, Chrome_ChildThread] WARNING: pipe error: 109: file z:/build/build/src/ipc/chromium/src/chrome/common/ipc_channel_win.cc, line 332
[Child 3188, Chrome_ChildThread] WARNING: pipe error: 109: file z:/build/build/src/ipc/chromium/src/chrome/common/ipc_channel_win.cc, line 332
[Parent 5696, Gecko_IOThread] WARNING: file z:/build/build/src/ipc/chromium/src/base/process_util_win.cc, line 166
1567343059326	Marionette	INFO	Listening on port 49298
1567343059641	Marionette	WARN	TLS certificate errors will be ignored for this session
console.error: BroadcastService: 
  receivedBroadcastMessage: handler for
  remote-settings/monitor_changes
  threw error:
  Message: Error: Polling for changes failed: NetworkError when attempting to fetch resource..
  Stack:
    remoteSettingsFunction/remoteSettings.pollChanges@resource://services-settings/remote-settings.js:190:13

1567343076068	Marionette	INFO	Stopped listening on port 49298
[Parent 5696, Gecko_IOThread] WARNING: pipe error: 109: file z:/build/build/src/ipc/chromium/src/chrome/common/ipc_channel_win.cc, line 332
[Parent 5696, Gecko_IOThread] WARNING: pipe error: 109: file z:/build/build/src/ipc/chromium/src/chrome/common/ipc_channel_win.cc, line 332
[Child 48, Chrome_ChildThread] WARNING: pipe error: 109: file z:/build/build/src/ipc/chromium/src/chrome/common/ipc_channel_win.cc, line 332
[Child 5340, Chrome_ChildThread] WARNING: pipe error: 109: file z:/build/build/src/ipc/chromium/src/chrome/common/ipc_channel_win.cc, line 332
[Parent 5696, Gecko_IOThread] WARNING: pipe error: 109: file z:/build/build/src/ipc/chromium/src/chrome/common/ipc_channel_win.cc, line 332
[Child 1704, Chrome_ChildThread] WARNING: pipe error: 109: fil[GPU 1192, Chro1567343092013	mozrunner::runner	INFO	Running command: "C:\\Program Files\\Mozilla Firefox\\firefox.exe" "-marionette" "-foreground" "-no-remote" "-profile" "C:\\Users\\rahmad\\AppData\\Local\\Temp\\rust_mozprofile.1C1ukeQizOmk"
console.error: JsonSchemaValidator.jsm: 
  Array expected but not received
console.error: Enterprise Policies: 
  Invalid parameters specified for Certificates.
1567343093832	addons.webextension.screenshots@mozilla.org	WARN	Loading extension 'screenshots@mozilla.org': Reading manifest: Invalid extension permission: mozillaAddons
1567343093833	addons.webextension.screenshots@mozilla.org	WARN	Loading extension 'screenshots@mozilla.org': Reading manifest: Invalid extension permission: resource://pdf.js/
1567343093833	addons.webextension.screenshots@mozilla.org	WARN	Loading extension 'screenshots@mozilla.org': Reading manifest: Invalid extension permission: about:reader*
1567343097204	Marionette	INFO	Listening on port 49358
1567343097610	Marionette	WARN	TLS certificate errors will be ignored for this session
1567343115797	Marionette	INFO	Stopped listening on port 49358
[Parent 4356, Gecko_IOThread] WARNING: pipe error: 109: file z:/build/build/src/ipc/chromium/src/chrome/common/ipc_channel_win.cc, line 332
[Child 4744, Chrome_ChildThread] WARNING: pipe error: 109: file z:/build/build/src/ipc/chromium/src/chrome/common/ipc_channel_win.cc, line 332
[Child 4512, Chrome_ChildThread] WARNING: pipe error: 109: file z:/build/build/src/ipc/chromium/src/chrome/common/ipc_channel_win.cc, line 332
[Child 4512, Chrome_ChildThread] WARNING: pipe error: 109: file z:/build/build/src/ipc/chromium/src/chrome/common/ipc_channel_win.cc, line 332
[Parent 4356, Gecko_IOThread] WARNING: pipe error: 109: file z:/build/build/src/ipc/chromium/src/chrome/common/ipc_channel_win.cc, line 332
[Child 4076, Chrome_ChildThread] WARNING: pipe error: 109: file z:/build/build/src/ipc/chromium/src/chrome/common/ipc_channel_win.cc, line 332
[Child 4076, Chrome_ChildThread] WARNING: pipe error: 109: file z:/build/build/src/ipc/chromium/src/chrome/common/ipc_channel_win.cc, line 332
[GPU 2212, Chrom1567344286343	mozrunner::runner	INFO	Running command: "C:\\Program Files\\Mozilla Firefox\\firefox.exe" "-marionette" "-foreground" "-no-remote" "-profile" "C:\\Users\\rahmad\\AppData\\Local\\Temp\\rust_mozprofile.wlP38pzycPeL"
console.error: JsonSchemaValidator.jsm: 
  Array expected but not received
console.error: Enterprise Policies: 
  Invalid parameters specified for Certificates.
1567344288100	addons.webextension.screenshots@mozilla.org	WARN	Loading extension 'screenshots@mozilla.org': Reading manifest: Invalid extension permission: mozillaAddons
1567344288101	addons.webextension.screenshots@mozilla.org	WARN	Loading extension 'screenshots@mozilla.org': Reading manifest: Invalid extension permission: resource://pdf.js/
1567344288101	addons.webextension.screenshots@mozilla.org	WARN	Loading extension 'screenshots@mozilla.org': Reading manifest: Invalid extension permission: about:reader*
[Parent 4012, Gecko_IOThread] WARNING: pipe error: 109: file z:/build/build/src/ipc/chromium/src/chrome/common/ipc_channel_win.cc, line 332
1567344299203	Marionette	INFO	Listening on port 49413
[Child 2092, Chrome_ChildThread] WARNING: pipe error: 109: file z:/build/build/src/ipc/chromium/src/chrome/common/ipc_channel_win.cc, line 332
[Child 2092, Chrome_ChildThread] WARNING: pipe error: 109: file z:/build/build/src/ipc/chromium/src/chrome/common/ipc_channel_win.cc, line 332
[Parent 4012, Gecko_IOThread] WARNING: file z:/build/build/src/ipc/chromium/src/base/process_util_win.cc, line 166
1567344299242	Marionette	WARN	TLS certificate errors will be ignored for this session
console.error: BroadcastService: 
  receivedBroadcastMessage: handler for
  remote-settings/monitor_changes
  threw error:
  Message: Error: Polling for changes failed: NetworkError when attempting to fetch resource..
  Stack:
    remoteSettingsFunction/remoteSettings.pollChanges@resource://services-settings/remote-settings.js:190:13

JavaScript error: https://ajax.googleapis.com/ajax/libs/jquerymobile/1.4.5/jquery.mobile.min.js, line 4: TypeError: a.event.props is undefined
JavaScript error: https://www.babynames.com/boy-names, line 268: SyntaxError: illegal character
JavaScript error: https://www.babynames.com/boy-names, line 332: SyntaxError: illegal character
JavaScript error: https://securepubads.g.doubleclick.net/gpt/pubads_impl_2019082701.js, line 1: InvalidStateError: An attempt was made to use an object that is not, or is no longer, usable
1567344359104	Marionette	WARN	TimedPromise timed out after 500 ms: stacktrace:
bail@chrome://marionette/content/sync.js:224:64
JavaScript error: https://ajax.googleapis.com/ajax/libs/jquerymobile/1.4.5/jquery.mobile.min.js, line 4: TypeError: a.event.props is undefined
JavaScript error: https://www.babynames.com/Names/search.php, line 268: SyntaxError: illegal character
JavaScript error: https://www.babynames.com/Names/search.php, line 332: SyntaxError: illegal character
JavaScript error: https://ajax.googleapis.com/ajax/libs/jquerymobile/1.4.5/jquery.mobile.min.js, line 4: TypeError: a.event.props is undefined
JavaScript error: https://www.babynames.com/Names/search.php, line 268: SyntaxError: illegal character
JavaScript error: https://www.babynames.com/Names/search.php, line 332: SyntaxError: illegal character
1567344426948	Marionette	INFO	Stopped listening on port 49413
[Parent 4012, Gecko_IOThread] WARNING: pipe error: 109: file z:/build/build/src/ipc/chromium/src/chrome/common/ipc_channel_win.cc, line 332
[Child 1704, Chrome_ChildThread] WARNING: pipe error: 109: file z:/build/build/src/ipc/chromium/src/chrome/common/ipc_channel_win.cc, line 332
[Parent 4012, Gecko_IOThread] WARNING: file z:/build/build/src/ipc/chromium/src/base/process_util_win.cc, line 166
[Parent 4012, Gecko_IOThread] WARNING: pipe error: 109: file z:/build/build/src/ipc/chromium/src/chrome/common/ipc_channel_win.cc, line 332
[Child 48, Chrome_ChildThread] WARNING: pipe error: 109: file z:/build/build/src/ipc/chromium/src/chrome/common/ipc_channel_win.cc, line 332
[Child 5916, Chrome_ChildThread] WARNING: pipe error: 109: file z:/build/build/src/ipc/chromium/src/chrome/common/ipc_channel_win.cc, line 332
[GPU 4564, Chrome_ChildThread] WARNING: pipe error: 109: file 1567344551840	mozrunner::runner	INFO	Running command: "C:\\Program Files\\Mozilla Firefox\\firefox.exe" "-marionette" "-foreground" "-no-remote" "-profile" "C:\\Users\\rahmad\\AppData\\Local\\Temp\\rust_mozprofile.u0UYbQAb2tCJ"
console.error: JsonSchemaValidator.jsm: 
  Array expected but not received
console.error: Enterprise Policies: 
  Invalid parameters specified for Certificates.
1567344553617	addons.webextension.screenshots@mozilla.org	WARN	Loading extension 'screenshots@mozilla.org': Reading manifest: Invalid extension permission: mozillaAddons
1567344553618	addons.webextension.screenshots@mozilla.org	WARN	Loading extension 'screenshots@mozilla.org': Reading manifest: Invalid extension permission: resource://pdf.js/
1567344553618	addons.webextension.screenshots@mozilla.org	WARN	Loading extension 'screenshots@mozilla.org': Reading manifest: Invalid extension permission: about:reader*
[Parent 4308, Gecko_IOThread] WARNING: pipe error: 109: file z:/build/build/src/ipc/chromium/src/chrome/common/ipc_channel_win.cc, line 332
[Child 2928, Chrome_ChildThread] WARNING: pipe error: 109: file z:/build/build/src/ipc/chromium/src/chrome/common/ipc_channel_win.cc, line 332
1567344556726	Marionette	INFO	Listening on port 49957
1567344556877	Marionette	WARN	TLS certificate errors will be ignored for this session
JavaScript error: https://ajax.googleapis.com/ajax/libs/jquerymobile/1.4.5/jquery.mobile.min.js, line 4: TypeError: a.event.props is undefined
JavaScript error: https://www.babynames.com/boy-names, line 268: SyntaxError: illegal character
JavaScript error: https://www.babynames.com/boy-names, line 332: SyntaxError: illegal character
JavaScript error: https://ajax.googleapis.com/ajax/libs/jquerymobile/1.4.5/jquery.mobile.min.js, line 4: TypeError: a.event.props is undefined
JavaScript error: https://www.babynames.com/Names/search.php, line 268: SyntaxError: illegal character
JavaScript error: https://www.babynames.com/Names/search.php, line 332: SyntaxError: illegal character
JavaScript error: https://static.adsafeprotected.com/main.19.8.5.js, line 294: TypeError: d is undefined
JavaScript error: https://static.adsafeprotected.com/main.19.8.5.js, line 294: TypeError: d is undefined
console.error: BroadcastService: 
  receivedBroadcastMessage: handler for
  remote-settings/monitor_changes
  threw error:
  Message: Error: Polling for changes failed: NetworkError when attempting to fetch resource..
  Stack:
    remoteSettingsFunction/remoteSettings.pollChanges@resource://services-settings/remote-settings.js:190:13

JavaScript error: https://securepubads.g.doubleclick.net/gpt/pubads_impl_2019082901.js, line 1: InvalidStateError: An attempt was made to use an object that is not, or is no longer, usable
JavaScript error: https://securepubads.g.doubleclick.net/gpt/pubads_impl_2019082901.js, line 1: InvalidStateError: An attempt was made to use an object that is not, or is no longer, usable
JavaScript error: https://securepubads.g.doubleclick.net/gpt/pubads_impl_2019082901.js, line 1: InvalidStateError: An attempt was made to use an object that is not, or is no longer, usable
JavaScript error: https://securepubads.g.doubleclick.net/gpt/pubads_impl_2019082901.js, line 1: InvalidStateError: An attempt was made to use an object that is not, or is no longer, usable
JavaScript error: https://securepubads.g.doubleclick.net/gpt/pubads_impl_2019082901.js, line 1: InvalidStateError: An attempt was made to use an object that is not, or is no longer, usable
JavaScript error: https://securepubads.g.doubleclick.net/gpt/pubads_impl_2019082901.js, line 1: InvalidStateError: An attempt was made to use an object that is not, or is no longer, usable
JavaScript error: https://static.adsafeprotected.com/main.19.8.5.js, line 294: TypeError: d is undefined
JavaScript error: https://static.adsafeprotected.com/main.19.8.5.js, line 294: TypeError: d is undefined
JavaScript error: https://securepubads.g.doubleclick.net/gpt/pubads_impl_2019082901.js, line 1: InvalidStateError: An attempt was made to use an object that is not, or is no longer, usable
JavaScript error: https://static.adsafeprotected.com/main.19.8.5.js, line 294: TypeError: d is undefined
JavaScript error: https://static.adsafeprotected.com/main.19.8.5.js, line 294: TypeError: d is undefined
JavaScript error: https://securepubads.g.doubleclick.net/gpt/pubads_impl_2019082901.js, line 1: InvalidStateError: An attempt was made to use an object that is not, or is no longer, usable
JavaScript error: https://securepubads.g.doubleclick.net/gpt/pubads_impl_2019082901.js, line 1: InvalidStateError: An attempt was made to use an object that is not, or is no longer, usable
JavaScript error: https://securepubads.g.doubleclick.net/gpt/pubads_impl_2019082901.js, line 1: InvalidStateError: An attempt was made to use an object that is not, or is no longer, usable

###!!! [Child][MessageChannel] Error: (msgtype=0x350105,name=PContent::Msg_RecordDiscardedData) Channel closing: too late to send/recv, messages will be lost

JavaScript error: , line 0: InvalidStateError: An attempt was made to use an object that is not, or is no longer, usable
[Parent 4308, Gecko_IOThread] WARNING: file z:/build/build/src/ipc/chromium/src/base/process_util_win.cc, line 166
[Child 408, Chrome_ChildThread] WARNING: pipe error: 109: file z:/build/build/src/ipc/chromium/src/chrome/common/ipc_channel_win.cc, line 332
[Child 408, Chrome_ChildThread] WARNING: pipe error: 109: file z:/build/build/src/ipc/chromium/src/chrome/common/ipc_channel_win.cc, line 332
[Child 4668, Chrome_ChildThread] WARNING: pipe error: 109: file z:/build/build/src/ipc/chromium/src/chrome/common/ipc_channel_win.cc, line 332
[Child 4668, Chrome_ChildThread] WARNING: pipe error: 109: file z:/build/build/src/ipc/chromium/src/chrome/common/ipc_channel_win.cc, line 3321567345138392	Marionette	INFO	Stopped listening on port 49957
1567359885379	mozrunner::runner	INFO	Running command: "C:\\Program Files\\Mozilla Firefox\\firefox.exe" "-marionette" "-foreground" "-no-remote" "-profile" "C:\\Users\\rahmad\\AppData\\Local\\Temp\\rust_mozprofile.RUTNJitXLPFa"
console.error: JsonSchemaValidator.jsm: 
  Array expected but not received
console.error: Enterprise Policies: 
  Invalid parameters specified for Certificates.
1567359887779	addons.webextension.screenshots@mozilla.org	WARN	Loading extension 'screenshots@mozilla.org': Reading manifest: Invalid extension permission: mozillaAddons
1567359887780	addons.webextension.screenshots@mozilla.org	WARN	Loading extension 'screenshots@mozilla.org': Reading manifest: Invalid extension permission: resource://pdf.js/
1567359887780	addons.webextension.screenshots@mozilla.org	WARN	Loading extension 'screenshots@mozilla.org': Reading manifest: Invalid extension permission: about:reader*
1567359892656	Marionette	INFO	Listening on port 51143
1567359892784	Marionette	WARN	TLS certificate errors will be ignored for this session
JavaScript error: https://ajax.googleapis.com/ajax/libs/jquerymobile/1.4.5/jquery.mobile.min.js, line 4: TypeError: a.event.props is undefined
JavaScript error: https://www.babynames.com/boy-names, line 268: SyntaxError: illegal character
JavaScript error: https://www.babynames.com/boy-names, line 332: SyntaxError: illegal character
JavaScript error: , line 0: InvalidStateError: An attempt was made to use an object that is not, or is no longer, usable
console.error: BroadcastService: 
  receivedBroadcastMessage: handler for
  remote-settings/monitor_changes
  threw error:
  Message: Error: Polling for changes failed: NetworkError when attempting to fetch resource..
  Stack:
    remoteSettingsFunction/remoteSettings.pollChanges@resource://services-settings/remote-settings.js:190:13

[Parent 1376, Gecko_IOThread] WARNING: pipe error: 109: file z:/build/build/src/ipc/chromium/src/chrome/common/ipc_channel_win.cc, line 332
[Parent 1376, Gecko_IOThread] WARNING: pipe error: 109: file z:/build/build/src/ipc/chromium/src/chrome/common/ipc_channel_win.cc, line 332
[Child 5368, Chrome_ChildThread] WARNING: pipe error: 109: file z:/build/build/src/ipc/chromium/src/chrome/common/ipc_channel_win.cc, line 332
[Child 3444, Chrome_ChildThread] WARNING: pipe error: 109: file z:/build/build/src/ipc/chromium/src/chrome/common/ipc_channel_win.cc, line 332
[Parent 1376, Gecko_IOThread] WARNING: file z:/build/build/src/ipc/chromium/src/base/process_util_win.cc, line 166
[Parent 1376, Gecko_IOThread] WARNING: pipe error: 109: file z:/build/build/src/ipc/chromium/src/chrome/common/ipc_channel_win.cc, line 332
[Child 684, Chrome_ChildThread] WARNING: pipe error: 109: file z:/build/build/src/ipc/chromium/src/chrome/common/ipc_channel_win.cc, line 332
[Child 684, Chrome_ChildThread] WARNING: pipe error: 109: file z:/build/build/src/ipc/chromium/src/chrome/common/ipc_channel_win.cc, line 332
[Parent 1376, Gecko_IOThread] WARNING: file z:/build/build/src/ipc/chromium/src/base/process_util_win.cc, line 166
1567359998680	Marionette	INFO	Stopped listening on port 51143
[GPU 784, Chrome_ChildThread]